mode: set
github.com/turtacn/hci-vcls/internal/config/config.go:10.41,21.41 7 1
github.com/turtacn/hci-vcls/internal/config/config.go:21.41,22.56 1 1
github.com/turtacn/hci-vcls/internal/config/config.go:22.56,23.67 1 1
github.com/turtacn/hci-vcls/internal/config/config.go:23.67,25.5 1 0
github.com/turtacn/hci-vcls/internal/config/config.go:29.2,30.42 2 1
github.com/turtacn/hci-vcls/internal/config/config.go:30.42,32.3 1 0
github.com/turtacn/hci-vcls/internal/config/config.go:35.2,35.39 1 1
github.com/turtacn/hci-vcls/internal/config/config.go:35.39,37.3 1 1
github.com/turtacn/hci-vcls/internal/config/config.go:39.2,39.18 1 1
github.com/turtacn/hci-vcls/internal/config/defaults.go:9.34,49.2 28 1
github.com/turtacn/hci-vcls/internal/config/validate.go:9.35,15.16 3 1
github.com/turtacn/hci-vcls/internal/config/validate.go:15.16,16.59 1 1
github.com/turtacn/hci-vcls/internal/config/validate.go:16.59,18.4 1 0
github.com/turtacn/hci-vcls/internal/config/validate.go:20.3,21.56 2 1
github.com/turtacn/hci-vcls/internal/config/validate.go:21.56,23.4 1 1
github.com/turtacn/hci-vcls/internal/config/validate.go:24.3,24.68 1 1
github.com/turtacn/hci-vcls/internal/config/validate.go:27.2,27.12 1 1
github.com/turtacn/hci-vcls/internal/app/audit_adapter.go:13.61,15.2 1 0
github.com/turtacn/hci-vcls/internal/app/audit_adapter.go:17.184,31.2 1 0
github.com/turtacn/hci-vcls/internal/app/evaluate.go:15.67,16.23 1 1
github.com/turtacn/hci-vcls/internal/app/evaluate.go:16.23,18.3 1 1
github.com/turtacn/hci-vcls/internal/app/evaluate.go:19.2,19.28 1 0
github.com/turtacn/hci-vcls/internal/app/evaluate.go:22.55,25.2 1 1
github.com/turtacn/hci-vcls/internal/app/evaluate.go:27.129,47.2 4 1
github.com/turtacn/hci-vcls/internal/app/evaluate.go:49.60,50.15 1 1
github.com/turtacn/hci-vcls/internal/app/evaluate.go:51.27,52.11 1 0
github.com/turtacn/hci-vcls/internal/app/evaluate.go:53.28,54.11 1 0
github.com/turtacn/hci-vcls/internal/app/evaluate.go:55.28,56.11 1 0
github.com/turtacn/hci-vcls/internal/app/evaluate.go:57.31,58.11 1 0
github.com/turtacn/hci-vcls/internal/app/evaluate.go:59.10,60.11 1 1
github.com/turtacn/hci-vcls/internal/app/evaluate.go:64.52,73.2 1 1
github.com/turtacn/hci-vcls/internal/app/evaluate.go:75.46,76.21 1 0
github.com/turtacn/hci-vcls/internal/app/evaluate.go:76.21,78.3 1 0
github.com/turtacn/hci-vcls/internal/app/evaluate.go:81.87,83.49 1 1
github.com/turtacn/hci-vcls/internal/app/evaluate.go:83.49,85.3 1 1
github.com/turtacn/hci-vcls/internal/app/evaluate.go:88.2,89.29 2 1
github.com/turtacn/hci-vcls/internal/app/evaluate.go:89.29,91.3 1 1
github.com/turtacn/hci-vcls/internal/app/evaluate.go:94.2,94.19 1 1
github.com/turtacn/hci-vcls/internal/app/evaluate.go:94.19,95.56 1 1
github.com/turtacn/hci-vcls/internal/app/evaluate.go:95.56,97.4 1 0
github.com/turtacn/hci-vcls/internal/app/evaluate.go:101.2,102.19 2 1
github.com/turtacn/hci-vcls/internal/app/evaluate.go:102.19,104.3 1 1
github.com/turtacn/hci-vcls/internal/app/evaluate.go:106.2,106.27 1 1
github.com/turtacn/hci-vcls/internal/app/evaluate.go:106.27,108.3 1 1
github.com/turtacn/hci-vcls/internal/app/evaluate.go:111.2,115.41 2 1
github.com/turtacn/hci-vcls/internal/app/evaluate.go:115.41,117.3 1 0
github.com/turtacn/hci-vcls/internal/app/evaluate.go:120.2,121.16 2 1
github.com/turtacn/hci-vcls/internal/app/evaluate.go:121.16,123.3 1 0
github.com/turtacn/hci-vcls/internal/app/evaluate.go:126.2,126.23 1 1
github.com/turtacn/hci-vcls/internal/app/evaluate.go:126.23,128.3 1 1
github.com/turtacn/hci-vcls/internal/app/evaluate.go:131.2,131.27 1 1
github.com/turtacn/hci-vcls/internal/app/evaluate.go:131.27,133.3 1 1
github.com/turtacn/hci-vcls/internal/app/evaluate.go:136.2,136.23 1 1
github.com/turtacn/hci-vcls/internal/app/evaluate.go:136.23,137.13 1 1
github.com/turtacn/hci-vcls/internal/app/evaluate.go:137.13,139.4 1 1
github.com/turtacn/hci-vcls/internal/app/evaluate.go:142.2,142.18 1 1
github.com/turtacn/hci-vcls/internal/app/ha_cache_adapter.go:15.65,17.2 1 1
github.com/turtacn/hci-vcls/internal/app/ha_cache_adapter.go:19.105,21.2 1 1
github.com/turtacn/hci-vcls/internal/app/ha_statemachine_adapter.go:14.71,16.2 1 0
github.com/turtacn/hci-vcls/internal/app/ha_statemachine_adapter.go:19.53,21.2 1 0
github.com/turtacn/hci-vcls/internal/app/plan_cache.go:26.52,27.47 1 1
github.com/turtacn/hci-vcls/internal/app/plan_cache.go:27.47,29.3 1 0
github.com/turtacn/hci-vcls/internal/app/plan_cache.go:30.2,30.36 1 1
github.com/turtacn/hci-vcls/internal/app/plan_cache.go:33.53,35.2 1 1
github.com/turtacn/hci-vcls/internal/app/plan_cache.go:37.48,45.16 6 1
github.com/turtacn/hci-vcls/internal/app/plan_cache.go:45.16,47.3 1 0
github.com/turtacn/hci-vcls/internal/app/plan_cache.go:48.2,48.15 1 1
github.com/turtacn/hci-vcls/internal/app/plan_cache.go:48.15,51.3 2 1
github.com/turtacn/hci-vcls/internal/app/plan_cache.go:53.2,54.45 2 1
github.com/turtacn/hci-vcls/internal/app/plan_cache.go:54.45,56.3 1 0
github.com/turtacn/hci-vcls/internal/app/plan_cache.go:58.2,58.33 1 1
github.com/turtacn/hci-vcls/internal/app/plan_cache.go:58.33,60.3 1 0
github.com/turtacn/hci-vcls/internal/app/plan_cache.go:62.2,62.34 1 1
github.com/turtacn/hci-vcls/internal/app/plan_cache.go:62.34,64.3 1 0
github.com/turtacn/hci-vcls/internal/app/plan_cache.go:66.2,66.49 1 1
github.com/turtacn/hci-vcls/internal/app/plan_cache.go:66.49,68.3 1 0
github.com/turtacn/hci-vcls/internal/app/plan_cache.go:70.2,71.16 2 1
github.com/turtacn/hci-vcls/internal/app/plan_cache.go:71.16,73.3 1 0
github.com/turtacn/hci-vcls/internal/app/plan_cache.go:74.2,76.33 2 1
github.com/turtacn/hci-vcls/internal/app/plan_cache.go:76.33,78.3 1 0
github.com/turtacn/hci-vcls/internal/app/plan_cache.go:80.2,80.12 1 1
github.com/turtacn/hci-vcls/internal/app/plan_cache.go:83.60,89.16 5 1
github.com/turtacn/hci-vcls/internal/app/plan_cache.go:89.16,91.3 1 1
github.com/turtacn/hci-vcls/internal/app/plan_cache.go:93.2,94.52 2 1
github.com/turtacn/hci-vcls/internal/app/plan_cache.go:94.52,96.3 1 0
github.com/turtacn/hci-vcls/internal/app/plan_cache.go:98.2,98.19 1 1
github.com/turtacn/hci-vcls/internal/app/plan_cache.go:101.51,106.63 4 1
github.com/turtacn/hci-vcls/internal/app/plan_cache.go:106.63,108.3 1 0
github.com/turtacn/hci-vcls/internal/app/plan_cache.go:109.2,109.12 1 1
github.com/turtacn/hci-vcls/internal/app/plan_cache.go:112.50,118.83 4 1
github.com/turtacn/hci-vcls/internal/app/plan_cache.go:118.83,119.17 1 1
github.com/turtacn/hci-vcls/internal/app/plan_cache.go:119.17,121.4 1 0
github.com/turtacn/hci-vcls/internal/app/plan_cache.go:122.3,122.57 1 1
github.com/turtacn/hci-vcls/internal/app/plan_cache.go:122.57,124.4 1 1
github.com/turtacn/hci-vcls/internal/app/plan_cache.go:126.3,127.17 2 1
github.com/turtacn/hci-vcls/internal/app/plan_cache.go:127.17,129.4 1 0
github.com/turtacn/hci-vcls/internal/app/plan_cache.go:131.3,132.53 2 1
github.com/turtacn/hci-vcls/internal/app/plan_cache.go:132.53,134.4 1 1
github.com/turtacn/hci-vcls/internal/app/plan_cache.go:135.3,135.13 1 1
github.com/turtacn/hci-vcls/internal/app/plan_cache.go:138.2,138.19 1 1
github.com/turtacn/hci-vcls/internal/app/run_ha.go:27.143,28.28 1 1
github.com/turtacn/hci-vcls/internal/app/run_ha.go:28.28,30.3 1 1
github.com/turtacn/hci-vcls/internal/app/run_ha.go:35.2,36.23 2 1
github.com/turtacn/hci-vcls/internal/app/run_ha.go:36.23,38.3 1 1
github.com/turtacn/hci-vcls/internal/app/run_ha.go:43.2,43.45 1 1
github.com/turtacn/hci-vcls/internal/app/run_ha.go:43.45,44.22 1 1
github.com/turtacn/hci-vcls/internal/app/run_ha.go:44.22,46.4 1 1
github.com/turtacn/hci-vcls/internal/app/run_ha.go:47.3,50.23 1 1
github.com/turtacn/hci-vcls/internal/app/run_ha.go:54.2,55.19 2 1
github.com/turtacn/hci-vcls/internal/app/run_ha.go:55.19,57.17 2 1
github.com/turtacn/hci-vcls/internal/app/run_ha.go:57.17,59.4 1 0
github.com/turtacn/hci-vcls/internal/app/run_ha.go:60.3,60.20 1 1
github.com/turtacn/hci-vcls/internal/app/run_ha.go:63.2,63.27 1 1
github.com/turtacn/hci-vcls/internal/app/run_ha.go:63.27,68.3 1 1
github.com/turtacn/hci-vcls/internal/app/run_ha.go:72.2,73.23 2 1
github.com/turtacn/hci-vcls/internal/app/run_ha.go:73.23,75.36 2 1
github.com/turtacn/hci-vcls/internal/app/run_ha.go:75.36,76.35 1 1
github.com/turtacn/hci-vcls/internal/app/run_ha.go:76.35,81.5 1 1
github.com/turtacn/hci-vcls/internal/app/run_ha.go:85.2,95.50 2 1
github.com/turtacn/hci-vcls/internal/app/run_ha.go:95.50,97.3 1 0
github.com/turtacn/hci-vcls/internal/app/run_ha.go:99.2,100.16 2 1
github.com/turtacn/hci-vcls/internal/app/run_ha.go:100.16,102.3 1 1
github.com/turtacn/hci-vcls/internal/app/run_ha.go:104.2,104.41 1 1
github.com/turtacn/hci-vcls/internal/app/run_ha.go:104.41,109.3 1 1
github.com/turtacn/hci-vcls/internal/app/run_ha.go:111.2,111.25 1 1
github.com/turtacn/hci-vcls/internal/app/run_ha.go:111.25,114.25 1 1
github.com/turtacn/hci-vcls/internal/app/run_ha.go:114.25,115.48 1 1
github.com/turtacn/hci-vcls/internal/app/run_ha.go:115.48,117.5 1 1
github.com/turtacn/hci-vcls/internal/app/run_ha.go:121.3,121.24 1 1
github.com/turtacn/hci-vcls/internal/app/run_ha.go:121.24,122.69 1 1
github.com/turtacn/hci-vcls/internal/app/run_ha.go:122.69,123.24 1 1
github.com/turtacn/hci-vcls/internal/app/run_ha.go:123.24,128.6 1 1
github.com/turtacn/hci-vcls/internal/app/run_ha.go:134.2,135.16 2 1
github.com/turtacn/hci-vcls/internal/app/run_ha.go:135.16,141.3 1 1
github.com/turtacn/hci-vcls/internal/app/run_ha.go:144.2,144.47 1 1
github.com/turtacn/hci-vcls/internal/app/run_ha.go:144.47,146.3 1 1
github.com/turtacn/hci-vcls/internal/app/run_ha.go:148.2,148.21 1 1
github.com/turtacn/hci-vcls/internal/app/run_ha.go:148.21,150.3 1 1
github.com/turtacn/hci-vcls/internal/app/run_ha.go:152.2,156.8 1 1
github.com/turtacn/hci-vcls/internal/app/service.go:55.12,73.22 2 1
github.com/turtacn/hci-vcls/internal/app/service.go:73.22,74.71 1 1
github.com/turtacn/hci-vcls/internal/app/service.go:74.71,75.18 1 0
github.com/turtacn/hci-vcls/internal/app/service.go:75.18,77.5 1 0
github.com/turtacn/hci-vcls/internal/app/service.go:81.2,81.10 1 1
github.com/turtacn/hci-vcls/internal/app/service.go:84.40,86.2 1 0
github.com/turtacn/hci-vcls/internal/app/service.go:88.42,90.2 1 0
github.com/turtacn/hci-vcls/internal/app/status.go:14.43,20.23 2 0
github.com/turtacn/hci-vcls/internal/app/status.go:20.23,22.3 1 0
github.com/turtacn/hci-vcls/internal/app/status.go:24.2,24.27 1 0
github.com/turtacn/hci-vcls/internal/app/status.go:24.27,26.3 1 0
github.com/turtacn/hci-vcls/internal/app/status.go:28.2,28.38 1 0
github.com/turtacn/hci-vcls/internal/app/status.go:28.38,31.3 2 0
github.com/turtacn/hci-vcls/internal/app/status.go:33.2,33.13 1 0
github.com/turtacn/hci-vcls/cmd/hci-vcls/cmd_fdm.go:12.33,20.55 2 1
github.com/turtacn/hci-vcls/cmd/hci-vcls/cmd_fdm.go:20.55,23.4 2 1
github.com/turtacn/hci-vcls/cmd/hci-vcls/cmd_fdm.go:26.2,28.55 1 1
github.com/turtacn/hci-vcls/cmd/hci-vcls/cmd_fdm.go:28.55,31.4 2 1
github.com/turtacn/hci-vcls/cmd/hci-vcls/cmd_fdm.go:34.2,36.55 1 1
github.com/turtacn/hci-vcls/cmd/hci-vcls/cmd_fdm.go:36.55,38.23 2 1
github.com/turtacn/hci-vcls/cmd/hci-vcls/cmd_fdm.go:38.23,40.5 1 1
github.com/turtacn/hci-vcls/cmd/hci-vcls/cmd_fdm.go:42.4,43.18 2 1
github.com/turtacn/hci-vcls/cmd/hci-vcls/cmd_fdm.go:43.18,45.5 1 1
github.com/turtacn/hci-vcls/cmd/hci-vcls/cmd_fdm.go:46.4,53.14 6 0
github.com/turtacn/hci-vcls/cmd/hci-vcls/cmd_fdm.go:56.2,59.12 3 1
github.com/turtacn/hci-vcls/cmd/hci-vcls/cmd_ha.go:13.32,24.55 4 1
github.com/turtacn/hci-vcls/cmd/hci-vcls/cmd_ha.go:24.55,26.18 2 1
github.com/turtacn/hci-vcls/cmd/hci-vcls/cmd_ha.go:26.18,28.5 1 1
github.com/turtacn/hci-vcls/cmd/hci-vcls/cmd_ha.go:29.4,33.14 4 0
github.com/turtacn/hci-vcls/cmd/hci-vcls/cmd_ha.go:37.2,39.55 1 1
github.com/turtacn/hci-vcls/cmd/hci-vcls/cmd_ha.go:39.55,41.23 2 1
github.com/turtacn/hci-vcls/cmd/hci-vcls/cmd_ha.go:41.23,43.5 1 1
github.com/turtacn/hci-vcls/cmd/hci-vcls/cmd_ha.go:45.4,52.18 4 1
github.com/turtacn/hci-vcls/cmd/hci-vcls/cmd_ha.go:52.18,54.5 1 1
github.com/turtacn/hci-vcls/cmd/hci-vcls/cmd_ha.go:55.4,59.14 4 0
github.com/turtacn/hci-vcls/cmd/hci-vcls/cmd_ha.go:63.2,63.12 1 1
github.com/turtacn/hci-vcls/cmd/hci-vcls/cmd_status.go:11.36,15.55 1 1
github.com/turtacn/hci-vcls/cmd/hci-vcls/cmd_status.go:15.55,17.18 2 1
github.com/turtacn/hci-vcls/cmd/hci-vcls/cmd_status.go:17.18,19.5 1 1
github.com/turtacn/hci-vcls/cmd/hci-vcls/cmd_status.go:20.4,24.14 4 0
github.com/turtacn/hci-vcls/cmd/hci-vcls/main.go:12.13,13.34 1 1
github.com/turtacn/hci-vcls/cmd/hci-vcls/main.go:13.34,15.3 1 0
github.com/turtacn/hci-vcls/cmd/hci-vcls/root.go:18.54,22.3 3 1
github.com/turtacn/hci-vcls/cmd/hci-vcls/root.go:25.13,32.2 5 1
github.com/turtacn/hci-vcls/cmd/hci-vcls/root.go:34.19,37.16 3 1
github.com/turtacn/hci-vcls/cmd/hci-vcls/root.go:37.16,39.3 1 1
github.com/turtacn/hci-vcls/cmd/hci-vcls/root.go:44.22,46.2 1 1
github.com/turtacn/hci-vcls/cmd/hci-vcls/serve.go:36.68,38.2 1 1
github.com/turtacn/hci-vcls/cmd/hci-vcls/serve.go:39.68,41.2 1 1
github.com/turtacn/hci-vcls/cmd/hci-vcls/serve.go:42.68,44.2 1 1
github.com/turtacn/hci-vcls/cmd/hci-vcls/serve.go:45.92,49.2 1 1
github.com/turtacn/hci-vcls/cmd/hci-vcls/serve.go:54.54,56.3 1 0
github.com/turtacn/hci-vcls/cmd/hci-vcls/serve.go:59.13,61.2 1 1
github.com/turtacn/hci-vcls/cmd/hci-vcls/serve.go:63.103,65.30 2 1
github.com/turtacn/hci-vcls/cmd/hci-vcls/serve.go:65.30,67.3 1 0
github.com/turtacn/hci-vcls/cmd/hci-vcls/serve.go:67.8,69.3 1 1
github.com/turtacn/hci-vcls/cmd/hci-vcls/serve.go:71.2,82.23 9 1
github.com/turtacn/hci-vcls/cmd/hci-vcls/serve.go:82.23,84.3 1 1
github.com/turtacn/hci-vcls/cmd/hci-vcls/serve.go:86.2,87.16 2 1
github.com/turtacn/hci-vcls/cmd/hci-vcls/serve.go:87.16,89.3 1 0
github.com/turtacn/hci-vcls/cmd/hci-vcls/serve.go:90.2,105.23 8 1
github.com/turtacn/hci-vcls/cmd/hci-vcls/serve.go:105.23,107.3 1 1
github.com/turtacn/hci-vcls/cmd/hci-vcls/serve.go:109.2,128.25 12 1
github.com/turtacn/hci-vcls/cmd/hci-vcls/serve.go:128.25,135.3 2 0
github.com/turtacn/hci-vcls/cmd/hci-vcls/serve.go:137.2,145.25 4 1
github.com/turtacn/hci-vcls/cmd/hci-vcls/serve.go:145.25,146.73 1 0
github.com/turtacn/hci-vcls/cmd/hci-vcls/serve.go:146.73,148.4 1 0
github.com/turtacn/hci-vcls/cmd/hci-vcls/serve.go:151.2,151.15 1 1
github.com/turtacn/hci-vcls/cmd/hci-vcls/serve.go:151.15,152.81 1 1
github.com/turtacn/hci-vcls/cmd/hci-vcls/serve.go:152.81,154.4 1 1
github.com/turtacn/hci-vcls/cmd/hci-vcls/serve.go:157.2,168.30 4 1
github.com/turtacn/hci-vcls/cmd/hci-vcls/serve.go:168.30,170.3 1 0
github.com/turtacn/hci-vcls/cmd/hci-vcls/serve.go:171.2,174.60 2 1
github.com/turtacn/hci-vcls/cmd/hci-vcls/serve.go:174.60,176.3 1 0
github.com/turtacn/hci-vcls/cmd/hci-vcls/serve.go:178.2,179.23 2 1
github.com/turtacn/hci-vcls/cmd/hci-vcls/serve.go:179.23,181.3 1 1
github.com/turtacn/hci-vcls/cmd/hci-vcls/serve.go:182.2,185.23 3 1
github.com/turtacn/hci-vcls/cmd/hci-vcls/serve.go:185.23,187.3 1 1
github.com/turtacn/hci-vcls/cmd/hci-vcls/serve.go:188.2,189.16 2 1
github.com/turtacn/hci-vcls/cmd/hci-vcls/serve.go:189.16,190.69 1 1
github.com/turtacn/hci-vcls/cmd/hci-vcls/serve.go:190.69,192.4 1 1
github.com/turtacn/hci-vcls/cmd/hci-vcls/serve.go:195.2,200.43 4 1
github.com/turtacn/hci-vcls/cmd/hci-vcls/serve.go:203.41,205.16 2 0
github.com/turtacn/hci-vcls/cmd/hci-vcls/serve.go:205.16,207.3 1 0
github.com/turtacn/hci-vcls/cmd/hci-vcls/serve.go:210.2,210.42 1 0
github.com/turtacn/hci-vcls/cmd/hci-vcls/serve.go:210.42,212.3 1 0
github.com/turtacn/hci-vcls/cmd/hci-vcls/serve.go:214.2,214.12 1 0
github.com/turtacn/hci-vcls/cmd/hci-vcls/serve.go:214.12,215.44 1 0
github.com/turtacn/hci-vcls/cmd/hci-vcls/serve.go:215.44,217.4 1 0
github.com/turtacn/hci-vcls/cmd/hci-vcls/serve.go:219.2,228.12 8 0
github.com/turtacn/hci-vcls/cmd/hci-vcls/version.go:14.54,16.17 2 0
github.com/turtacn/hci-vcls/cmd/hci-vcls/version.go:16.17,19.4 2 0
github.com/turtacn/hci-vcls/cmd/hci-vcls/version.go:20.3,24.13 4 0
github.com/turtacn/hci-vcls/cmd/hci-vcls/version.go:28.13,30.2 1 1
github.com/turtacn/hci-vcls/internal/app/audit/audit.go:39.59,40.47 1 1
github.com/turtacn/hci-vcls/internal/app/audit/audit.go:40.47,42.3 1 0
github.com/turtacn/hci-vcls/internal/app/audit/audit.go:43.2,43.41 1 1
github.com/turtacn/hci-vcls/internal/app/audit/audit.go:46.60,48.2 1 1
github.com/turtacn/hci-vcls/internal/app/audit/audit.go:50.51,52.44 2 1
github.com/turtacn/hci-vcls/internal/app/audit/audit.go:52.44,54.3 1 1
github.com/turtacn/hci-vcls/internal/app/audit/audit.go:56.2,56.19 1 1
github.com/turtacn/hci-vcls/internal/app/audit/audit.go:56.19,59.3 2 0
github.com/turtacn/hci-vcls/internal/app/audit/audit.go:61.2,63.16 3 1
github.com/turtacn/hci-vcls/internal/app/audit/audit.go:63.16,65.3 1 0
github.com/turtacn/hci-vcls/internal/app/audit/audit.go:67.2,69.12 3 1
github.com/turtacn/hci-vcls/internal/app/audit/audit.go:72.89,76.26 3 1
github.com/turtacn/hci-vcls/internal/app/audit/audit.go:76.26,78.3 1 1
github.com/turtacn/hci-vcls/internal/app/audit/audit.go:80.2,80.43 1 1
github.com/turtacn/hci-vcls/internal/app/audit/audit.go:80.43,82.3 1 0
github.com/turtacn/hci-vcls/internal/app/audit/audit.go:84.2,85.16 2 1
github.com/turtacn/hci-vcls/internal/app/audit/audit.go:85.16,87.3 1 0
github.com/turtacn/hci-vcls/internal/app/audit/audit.go:89.2,91.16 3 1
github.com/turtacn/hci-vcls/internal/app/audit/audit.go:91.16,93.3 1 0
github.com/turtacn/hci-vcls/internal/app/audit/audit.go:95.2,95.22 1 1
github.com/turtacn/hci-vcls/internal/app/audit/audit.go:98.42,102.19 3 1
github.com/turtacn/hci-vcls/internal/app/audit/audit.go:102.19,106.17 4 1
github.com/turtacn/hci-vcls/internal/app/audit/audit.go:106.17,108.4 1 0
github.com/turtacn/hci-vcls/internal/app/audit/audit.go:109.3,109.18 1 1
github.com/turtacn/hci-vcls/internal/app/audit/audit.go:111.2,111.12 1 0
github.com/turtacn/hci-vcls/internal/logger/logger.go:35.64,37.22 2 1
github.com/turtacn/hci-vcls/internal/logger/logger.go:37.22,39.3 1 0
github.com/turtacn/hci-vcls/internal/logger/logger.go:39.8,41.3 1 1
github.com/turtacn/hci-vcls/internal/logger/logger.go:43.2,45.16 3 1
github.com/turtacn/hci-vcls/internal/logger/logger.go:45.16,47.3 1 0
github.com/turtacn/hci-vcls/internal/logger/logger.go:48.2,51.16 3 1
github.com/turtacn/hci-vcls/internal/logger/logger.go:51.16,53.3 1 0
github.com/turtacn/hci-vcls/internal/logger/logger.go:55.2,57.8 1 1
github.com/turtacn/hci-vcls/internal/logger/logger.go:60.52,62.2 1 1
github.com/turtacn/hci-vcls/internal/logger/logger.go:64.51,66.2 1 1
github.com/turtacn/hci-vcls/internal/logger/logger.go:68.51,70.2 1 1
github.com/turtacn/hci-vcls/internal/logger/logger.go:72.52,74.2 1 1
github.com/turtacn/hci-vcls/internal/logger/logger.go:76.54,80.2 1 1
github.com/turtacn/hci-vcls/internal/logger/logger.go:82.49,86.2 1 1
github.com/turtacn/hci-vcls/internal/logger/logger.go:88.46,90.2 1 0
github.com/turtacn/hci-vcls/internal/logger/logger.go:93.23,96.2 2 1
github.com/turtacn/hci-vcls/internal/logger/logger.go:98.42,100.36 2 1
github.com/turtacn/hci-vcls/internal/logger/logger.go:100.36,101.22 1 1
github.com/turtacn/hci-vcls/internal/logger/logger.go:101.22,102.39 1 1
github.com/turtacn/hci-vcls/internal/logger/logger.go:102.39,104.5 1 1
github.com/turtacn/hci-vcls/internal/logger/logger.go:107.2,107.15 1 1
github.com/turtacn/hci-vcls/internal/logger/slog.go:15.52,21.39 3 1
github.com/turtacn/hci-vcls/internal/logger/slog.go:21.39,23.3 1 0
github.com/turtacn/hci-vcls/internal/logger/slog.go:23.8,25.3 1 1
github.com/turtacn/hci-vcls/internal/logger/slog.go:27.2,29.3 1 1
github.com/turtacn/hci-vcls/internal/logger/slog.go:32.53,34.2 1 0
github.com/turtacn/hci-vcls/internal/logger/slog.go:36.52,38.2 1 0
github.com/turtacn/hci-vcls/internal/logger/slog.go:40.52,42.2 1 0
github.com/turtacn/hci-vcls/internal/logger/slog.go:44.53,46.2 1 0
github.com/turtacn/hci-vcls/internal/logger/slog.go:48.55,52.2 1 0
github.com/turtacn/hci-vcls/internal/logger/slog.go:54.50,58.2 1 0
github.com/turtacn/hci-vcls/internal/logger/slog.go:60.47,62.2 1 0
github.com/turtacn/hci-vcls/internal/logger/slog.go:64.42,65.32 1 1
github.com/turtacn/hci-vcls/internal/logger/slog.go:66.18,67.25 1 1
github.com/turtacn/hci-vcls/internal/logger/slog.go:68.17,69.24 1 1
github.com/turtacn/hci-vcls/internal/logger/slog.go:70.18,71.25 1 1
github.com/turtacn/hci-vcls/internal/logger/slog.go:72.10,73.24 1 1
github.com/turtacn/hci-vcls/internal/election/election.go:28.70,31.18 3 1
github.com/turtacn/hci-vcls/internal/election/election.go:31.18,33.3 1 0
github.com/turtacn/hci-vcls/internal/election/election.go:35.2,46.18 2 1
github.com/turtacn/hci-vcls/internal/election/election.go:46.18,48.3 1 0
github.com/turtacn/hci-vcls/internal/election/election.go:50.2,50.10 1 1
github.com/turtacn/hci-vcls/internal/election/election.go:53.36,54.30 1 0
github.com/turtacn/hci-vcls/internal/election/election.go:54.30,56.3 1 0
github.com/turtacn/hci-vcls/internal/election/election.go:59.50,63.2 3 1
github.com/turtacn/hci-vcls/internal/election/election.go:65.68,66.24 1 1
github.com/turtacn/hci-vcls/internal/election/election.go:66.24,67.10 1 0
github.com/turtacn/hci-vcls/internal/election/election.go:68.62,68.62 0 0
github.com/turtacn/hci-vcls/internal/election/election.go:69.11,69.11 0 0
github.com/turtacn/hci-vcls/internal/election/election.go:75.138,80.23 3 1
github.com/turtacn/hci-vcls/internal/election/election.go:80.23,87.3 6 1
github.com/turtacn/hci-vcls/internal/election/election.go:91.2,91.103 1 1
github.com/turtacn/hci-vcls/internal/election/election.go:91.103,96.3 3 1
github.com/turtacn/hci-vcls/internal/election/election.go:96.8,96.58 1 1
github.com/turtacn/hci-vcls/internal/election/election.go:96.58,99.18 2 1
github.com/turtacn/hci-vcls/internal/election/election.go:99.18,101.39 2 1
github.com/turtacn/hci-vcls/internal/election/election.go:101.39,105.5 3 1
github.com/turtacn/hci-vcls/internal/election/election.go:110.2,110.36 1 1
github.com/turtacn/hci-vcls/internal/election/election.go:110.36,115.3 4 0
github.com/turtacn/hci-vcls/internal/election/election.go:118.112,120.2 1 1
github.com/turtacn/hci-vcls/internal/election/election.go:122.68,126.2 3 1
github.com/turtacn/hci-vcls/internal/election/election.go:128.61,138.23 7 1
github.com/turtacn/hci-vcls/internal/election/election.go:138.23,142.3 3 1
github.com/turtacn/hci-vcls/internal/election/election.go:148.2,148.12 1 1
github.com/turtacn/hci-vcls/internal/election/election.go:151.59,155.16 3 1
github.com/turtacn/hci-vcls/internal/election/election.go:155.16,159.3 3 1
github.com/turtacn/hci-vcls/internal/election/election.go:160.2,160.12 1 1
github.com/turtacn/hci-vcls/internal/election/election.go:163.41,167.2 3 1
github.com/turtacn/hci-vcls/internal/election/election.go:169.47,178.2 3 0
github.com/turtacn/hci-vcls/internal/election/election.go:180.53,182.2 1 1
github.com/turtacn/hci-vcls/internal/election/election.go:184.39,186.24 2 0
github.com/turtacn/hci-vcls/internal/election/election.go:186.24,188.3 1 0
github.com/turtacn/hci-vcls/internal/election/election.go:189.2,189.12 1 0
github.com/turtacn/hci-vcls/internal/election/election.go:192.72,196.2 3 0
github.com/turtacn/hci-vcls/internal/election/election.go:198.34,211.33 4 1
github.com/turtacn/hci-vcls/internal/election/election.go:211.33,213.3 1 0
github.com/turtacn/hci-vcls/internal/election/errors.go:11.40,12.18 1 0
github.com/turtacn/hci-vcls/internal/election/errors.go:12.18,14.3 1 0
github.com/turtacn/hci-vcls/internal/election/errors.go:15.2,15.64 1 0
github.com/turtacn/hci-vcls/internal/election/errors.go:18.40,20.2 1 0
github.com/turtacn/hci-vcls/internal/election/service.go:18.89,27.2 2 1
github.com/turtacn/hci-vcls/internal/election/service.go:29.41,32.2 2 1
github.com/turtacn/hci-vcls/internal/election/service.go:34.40,38.2 3 1
github.com/turtacn/hci-vcls/internal/election/service.go:40.39,43.6 2 1
github.com/turtacn/hci-vcls/internal/election/service.go:43.6,44.10 1 1
github.com/turtacn/hci-vcls/internal/election/service.go:45.23,46.10 1 1
github.com/turtacn/hci-vcls/internal/election/service.go:47.32,48.11 1 1
github.com/turtacn/hci-vcls/internal/election/service.go:48.11,50.5 1 0
github.com/turtacn/hci-vcls/internal/election/service.go:51.4,52.23 2 1
github.com/turtacn/hci-vcls/internal/election/service.go:52.23,54.5 1 1
github.com/turtacn/hci-vcls/internal/election/service.go:55.4,56.99 2 1
github.com/turtacn/hci-vcls/internal/election/term_store.go:27.54,29.47 2 1
github.com/turtacn/hci-vcls/internal/election/term_store.go:29.47,31.3 1 0
github.com/turtacn/hci-vcls/internal/election/term_store.go:32.2,32.39 1 1
github.com/turtacn/hci-vcls/internal/election/term_store.go:35.54,40.16 4 1
github.com/turtacn/hci-vcls/internal/election/term_store.go:40.16,41.25 1 1
github.com/turtacn/hci-vcls/internal/election/term_store.go:41.25,43.4 1 1
github.com/turtacn/hci-vcls/internal/election/term_store.go:44.3,44.20 1 0
github.com/turtacn/hci-vcls/internal/election/term_store.go:46.2,50.47 4 1
github.com/turtacn/hci-vcls/internal/election/term_store.go:50.47,52.3 1 1
github.com/turtacn/hci-vcls/internal/election/term_store.go:54.2,54.40 1 1
github.com/turtacn/hci-vcls/internal/election/term_store.go:57.64,63.16 5 1
github.com/turtacn/hci-vcls/internal/election/term_store.go:63.16,65.3 1 0
github.com/turtacn/hci-vcls/internal/election/term_store.go:67.2,67.15 1 1
github.com/turtacn/hci-vcls/internal/election/term_store.go:67.15,70.3 2 1
github.com/turtacn/hci-vcls/internal/election/term_store.go:72.2,79.47 3 1
github.com/turtacn/hci-vcls/internal/election/term_store.go:79.47,81.3 1 0
github.com/turtacn/hci-vcls/internal/election/term_store.go:83.2,83.33 1 1
github.com/turtacn/hci-vcls/internal/election/term_store.go:83.33,85.3 1 0
github.com/turtacn/hci-vcls/internal/election/term_store.go:87.2,87.34 1 1
github.com/turtacn/hci-vcls/internal/election/term_store.go:87.34,89.3 1 0
github.com/turtacn/hci-vcls/internal/election/term_store.go:91.2,91.51 1 1
github.com/turtacn/hci-vcls/internal/election/term_store.go:91.51,93.3 1 0
github.com/turtacn/hci-vcls/internal/election/term_store.go:95.2,97.16 3 1
github.com/turtacn/hci-vcls/internal/election/term_store.go:97.16,99.3 1 0
github.com/turtacn/hci-vcls/internal/election/term_store.go:100.2,102.33 2 1
github.com/turtacn/hci-vcls/internal/election/term_store.go:102.33,104.3 1 0
github.com/turtacn/hci-vcls/internal/election/term_store.go:106.2,106.12 1 1
github.com/turtacn/hci-vcls/internal/election/term_store.go:109.38,111.2 1 0
github.com/turtacn/hci-vcls/internal/election/watch.go:11.28,15.2 1 1
github.com/turtacn/hci-vcls/internal/election/watch.go:17.51,24.2 5 1
github.com/turtacn/hci-vcls/internal/election/watch.go:26.47,30.14 3 1
github.com/turtacn/hci-vcls/internal/election/watch.go:30.14,32.3 1 1
github.com/turtacn/hci-vcls/internal/election/watch.go:34.2,34.35 1 1
github.com/turtacn/hci-vcls/internal/election/watch.go:34.35,35.10 1 1
github.com/turtacn/hci-vcls/internal/election/watch.go:36.21,36.21 0 1
github.com/turtacn/hci-vcls/internal/election/watch.go:37.11,37.11 0 0
github.com/turtacn/hci-vcls/internal/election/watch.go:42.27,46.14 3 1
github.com/turtacn/hci-vcls/internal/election/watch.go:46.14,48.3 1 1
github.com/turtacn/hci-vcls/internal/election/watch.go:49.2,51.35 2 1
github.com/turtacn/hci-vcls/internal/election/watch.go:51.35,53.3 1 1
github.com/turtacn/hci-vcls/internal/election/watch.go:54.2,54.21 1 1
github.com/turtacn/hci-vcls/internal/heartbeat/errors.go:11.41,12.18 1 1
github.com/turtacn/hci-vcls/internal/heartbeat/errors.go:12.18,14.3 1 0
github.com/turtacn/hci-vcls/internal/heartbeat/errors.go:15.2,15.65 1 1
github.com/turtacn/hci-vcls/internal/heartbeat/errors.go:18.41,20.2 1 1
github.com/turtacn/hci-vcls/internal/heartbeat/heartbeat_impl.go:20.76,32.36 3 1
github.com/turtacn/hci-vcls/internal/heartbeat/heartbeat_impl.go:32.36,34.3 1 1
github.com/turtacn/hci-vcls/internal/heartbeat/heartbeat_impl.go:36.2,36.11 1 1
github.com/turtacn/hci-vcls/internal/heartbeat/heartbeat_impl.go:39.60,42.2 2 1
github.com/turtacn/hci-vcls/internal/heartbeat/heartbeat_impl.go:44.40,47.2 2 1
github.com/turtacn/hci-vcls/internal/heartbeat/heartbeat_impl.go:49.76,51.9 2 1
github.com/turtacn/hci-vcls/internal/heartbeat/heartbeat_impl.go:51.9,53.3 1 0
github.com/turtacn/hci-vcls/internal/heartbeat/heartbeat_impl.go:54.2,54.19 1 1
github.com/turtacn/hci-vcls/internal/heartbeat/heartbeat_impl.go:57.69,59.2 1 1
github.com/turtacn/hci-vcls/internal/heartbeat/heartbeat_impl.go:61.68,63.2 1 1
github.com/turtacn/hci-vcls/internal/heartbeat/heartbeat_impl.go:65.73,67.2 1 0
github.com/turtacn/hci-vcls/internal/heartbeat/heartbeat_impl.go:69.80,69.81 0 1
github.com/turtacn/hci-vcls/internal/heartbeat/heartbeat_impl.go:71.88,71.89 0 1
github.com/turtacn/hci-vcls/internal/heartbeat/heartbeat_impl.go:73.60,77.6 3 1
github.com/turtacn/hci-vcls/internal/heartbeat/heartbeat_impl.go:77.6,78.10 1 1
github.com/turtacn/hci-vcls/internal/heartbeat/heartbeat_impl.go:79.21,80.10 1 0
github.com/turtacn/hci-vcls/internal/heartbeat/heartbeat_impl.go:81.23,82.10 1 1
github.com/turtacn/hci-vcls/internal/heartbeat/heartbeat_impl.go:83.19,84.44 1 1
github.com/turtacn/hci-vcls/internal/heartbeat/heartbeat_impl.go:84.44,85.88 1 1
github.com/turtacn/hci-vcls/internal/heartbeat/heartbeat_impl.go:85.88,86.23 1 1
github.com/turtacn/hci-vcls/internal/heartbeat/heartbeat_impl.go:86.23,90.7 3 1
github.com/turtacn/hci-vcls/internal/heartbeat/heartbeat_impl.go:97.53,98.31 1 1
github.com/turtacn/hci-vcls/internal/heartbeat/heartbeat_impl.go:98.31,100.3 1 1
github.com/turtacn/hci-vcls/internal/heartbeat/monitor.go:16.72,21.2 1 1
github.com/turtacn/hci-vcls/internal/heartbeat/monitor.go:23.47,28.13 4 1
github.com/turtacn/hci-vcls/internal/heartbeat/monitor.go:28.13,33.3 1 1
github.com/turtacn/hci-vcls/internal/heartbeat/monitor.go:35.2,38.38 4 1
github.com/turtacn/hci-vcls/internal/heartbeat/monitor.go:41.67,46.2 4 1
github.com/turtacn/hci-vcls/internal/heartbeat/monitor.go:48.67,52.32 4 1
github.com/turtacn/hci-vcls/internal/heartbeat/monitor.go:52.32,53.31 1 1
github.com/turtacn/hci-vcls/internal/heartbeat/monitor.go:53.31,55.4 1 1
github.com/turtacn/hci-vcls/internal/heartbeat/monitor.go:57.2,57.15 1 1
github.com/turtacn/hci-vcls/internal/heartbeat/monitor.go:60.77,64.37 3 1
github.com/turtacn/hci-vcls/internal/heartbeat/monitor.go:64.37,65.51 1 1
github.com/turtacn/hci-vcls/internal/heartbeat/monitor.go:65.51,67.29 1 1
github.com/turtacn/hci-vcls/internal/heartbeat/monitor.go:67.29,68.59 1 1
github.com/turtacn/hci-vcls/internal/heartbeat/monitor.go:68.59,70.32 1 1
github.com/turtacn/hci-vcls/internal/heartbeat/monitor.go:70.32,73.15 3 1
github.com/turtacn/hci-vcls/internal/heartbeat/monitor.go:78.4,80.27 3 1
github.com/turtacn/hci-vcls/internal/heartbeat/service.go:27.206,42.15 3 1
github.com/turtacn/hci-vcls/internal/heartbeat/service.go:42.15,44.3 1 1
github.com/turtacn/hci-vcls/internal/heartbeat/service.go:46.2,46.10 1 1
github.com/turtacn/hci-vcls/internal/heartbeat/service.go:49.42,52.2 2 1
github.com/turtacn/hci-vcls/internal/heartbeat/service.go:54.41,57.2 2 1
github.com/turtacn/hci-vcls/internal/heartbeat/service.go:59.65,60.22 1 0
github.com/turtacn/hci-vcls/internal/heartbeat/service.go:60.22,62.3 1 0
github.com/turtacn/hci-vcls/internal/heartbeat/service.go:65.35,69.6 3 1
github.com/turtacn/hci-vcls/internal/heartbeat/service.go:69.6,70.10 1 1
github.com/turtacn/hci-vcls/internal/heartbeat/service.go:71.23,72.10 1 1
github.com/turtacn/hci-vcls/internal/heartbeat/service.go:73.24,81.34 5 1
github.com/turtacn/hci-vcls/internal/heartbeat/service.go:81.34,82.21 1 1
github.com/turtacn/hci-vcls/internal/heartbeat/service.go:82.21,84.26 2 1
github.com/turtacn/hci-vcls/internal/heartbeat/service.go:84.26,86.7 1 1
github.com/turtacn/hci-vcls/internal/heartbeat/service.go:88.5,94.7 1 1
github.com/turtacn/hci-vcls/internal/heartbeat/service.go:97.4,97.19 1 1
github.com/turtacn/hci-vcls/internal/heartbeat/service.go:97.19,98.19 1 1
github.com/turtacn/hci-vcls/internal/heartbeat/service.go:98.19,100.6 1 1
github.com/turtacn/hci-vcls/internal/heartbeat/service.go:100.11,102.6 1 1
github.com/turtacn/hci-vcls/internal/heartbeat/service.go:106.4,106.48 1 1
github.com/turtacn/hci-vcls/internal/heartbeat/service.go:106.48,109.5 2 1
github.com/turtacn/hci-vcls/internal/heartbeat/service.go:112.4,112.70 1 1
github.com/turtacn/hci-vcls/internal/heartbeat/service.go:112.70,114.19 2 1
github.com/turtacn/hci-vcls/internal/heartbeat/service.go:114.19,115.22 1 0
github.com/turtacn/hci-vcls/internal/heartbeat/service.go:115.22,117.7 1 0
github.com/turtacn/hci-vcls/internal/heartbeat/service.go:118.11,119.22 1 1
github.com/turtacn/hci-vcls/internal/heartbeat/service.go:119.22,121.7 1 1
github.com/turtacn/hci-vcls/internal/heartbeat/service.go:122.6,122.50 1 1
github.com/turtacn/hci-vcls/internal/heartbeat/service.go:122.50,123.22 1 1
github.com/turtacn/hci-vcls/internal/heartbeat/service.go:123.22,125.8 1 1
github.com/turtacn/hci-vcls/internal/heartbeat/service.go:126.7,126.27 1 1
github.com/turtacn/hci-vcls/internal/heartbeat/service.go:126.27,128.8 1 1
github.com/turtacn/hci-vcls/internal/heartbeat/service.go:129.12,130.27 1 0
github.com/turtacn/hci-vcls/internal/heartbeat/service.go:130.27,132.8 1 0
github.com/turtacn/hci-vcls/internal/heartbeat/storage.go:31.103,48.36 3 1
github.com/turtacn/hci-vcls/internal/heartbeat/storage.go:48.36,50.3 1 1
github.com/turtacn/hci-vcls/internal/heartbeat/storage.go:52.2,52.11 1 1
github.com/turtacn/hci-vcls/internal/heartbeat/storage.go:55.63,56.49 1 1
github.com/turtacn/hci-vcls/internal/heartbeat/storage.go:56.49,58.3 1 0
github.com/turtacn/hci-vcls/internal/heartbeat/storage.go:60.2,64.12 4 1
github.com/turtacn/hci-vcls/internal/heartbeat/storage.go:67.43,70.2 2 1
github.com/turtacn/hci-vcls/internal/heartbeat/storage.go:72.79,76.9 4 1
github.com/turtacn/hci-vcls/internal/heartbeat/storage.go:76.9,78.3 1 1
github.com/turtacn/hci-vcls/internal/heartbeat/storage.go:79.2,79.19 1 1
github.com/turtacn/hci-vcls/internal/heartbeat/storage.go:82.72,87.33 4 0
github.com/turtacn/hci-vcls/internal/heartbeat/storage.go:87.33,89.3 1 0
github.com/turtacn/hci-vcls/internal/heartbeat/storage.go:90.2,90.12 1 0
github.com/turtacn/hci-vcls/internal/heartbeat/storage.go:93.71,95.2 1 0
github.com/turtacn/hci-vcls/internal/heartbeat/storage.go:97.76,99.2 1 0
github.com/turtacn/hci-vcls/internal/heartbeat/storage.go:101.82,103.2 1 0
github.com/turtacn/hci-vcls/internal/heartbeat/storage.go:105.90,111.2 5 1
github.com/turtacn/hci-vcls/internal/heartbeat/storage.go:113.42,117.6 3 1
github.com/turtacn/hci-vcls/internal/heartbeat/storage.go:117.6,118.10 1 1
github.com/turtacn/hci-vcls/internal/heartbeat/storage.go:119.23,120.10 1 1
github.com/turtacn/hci-vcls/internal/heartbeat/storage.go:121.19,127.39 5 1
github.com/turtacn/hci-vcls/internal/heartbeat/storage.go:132.72,134.51 2 1
github.com/turtacn/hci-vcls/internal/heartbeat/storage.go:134.51,135.19 1 0
github.com/turtacn/hci-vcls/internal/heartbeat/storage.go:135.19,137.4 1 0
github.com/turtacn/hci-vcls/internal/heartbeat/storage.go:138.3,138.9 1 0
github.com/turtacn/hci-vcls/internal/heartbeat/storage.go:141.2,150.62 7 1
github.com/turtacn/hci-vcls/internal/heartbeat/storage.go:150.62,151.58 1 1
github.com/turtacn/hci-vcls/internal/heartbeat/storage.go:151.58,152.20 1 0
github.com/turtacn/hci-vcls/internal/heartbeat/storage.go:152.20,154.5 1 0
github.com/turtacn/hci-vcls/internal/heartbeat/storage.go:156.8,157.19 1 0
github.com/turtacn/hci-vcls/internal/heartbeat/storage.go:157.19,159.4 1 0
github.com/turtacn/hci-vcls/internal/heartbeat/storage.go:163.69,166.16 3 1
github.com/turtacn/hci-vcls/internal/heartbeat/storage.go:166.16,168.3 1 0
github.com/turtacn/hci-vcls/internal/heartbeat/storage.go:170.2,171.54 2 1
github.com/turtacn/hci-vcls/internal/heartbeat/storage.go:171.54,173.3 1 1
github.com/turtacn/hci-vcls/internal/heartbeat/storage.go:175.2,175.30 1 1
github.com/turtacn/hci-vcls/internal/heartbeat/storage.go:178.61,181.16 3 1
github.com/turtacn/hci-vcls/internal/heartbeat/storage.go:181.16,182.19 1 0
github.com/turtacn/hci-vcls/internal/heartbeat/storage.go:182.19,184.4 1 0
github.com/turtacn/hci-vcls/internal/heartbeat/storage.go:185.3,185.13 1 0
github.com/turtacn/hci-vcls/internal/heartbeat/storage.go:188.2,188.26 1 1
github.com/turtacn/hci-vcls/internal/heartbeat/storage.go:188.26,189.16 1 1
github.com/turtacn/hci-vcls/internal/heartbeat/storage.go:189.16,192.18 3 1
github.com/turtacn/hci-vcls/internal/heartbeat/storage.go:192.18,194.5 1 1
github.com/turtacn/hci-vcls/internal/heartbeat/storage.go:198.2,198.12 1 1
github.com/turtacn/hci-vcls/internal/heartbeat/storage.go:201.41,205.6 3 1
github.com/turtacn/hci-vcls/internal/heartbeat/storage.go:205.6,206.10 1 1
github.com/turtacn/hci-vcls/internal/heartbeat/storage.go:207.23,208.10 1 1
github.com/turtacn/hci-vcls/internal/heartbeat/storage.go:209.19,213.35 3 1
github.com/turtacn/hci-vcls/internal/heartbeat/storage.go:213.35,214.32 1 1
github.com/turtacn/hci-vcls/internal/heartbeat/storage.go:214.32,215.14 1 0
github.com/turtacn/hci-vcls/internal/heartbeat/storage.go:218.5,219.12 2 1
github.com/turtacn/hci-vcls/internal/heartbeat/storage.go:219.12,220.14 1 1
github.com/turtacn/hci-vcls/internal/heartbeat/storage.go:223.5,224.33 2 1
github.com/turtacn/hci-vcls/internal/heartbeat/storage.go:224.33,230.19 5 1
github.com/turtacn/hci-vcls/internal/heartbeat/storage.go:230.19,232.7 1 0
github.com/turtacn/hci-vcls/internal/heartbeat/storage.go:234.6,235.56 2 1
github.com/turtacn/hci-vcls/internal/heartbeat/storage.go:235.56,237.47 2 1
github.com/turtacn/hci-vcls/internal/heartbeat/storage.go:237.47,238.39 1 1
github.com/turtacn/hci-vcls/internal/heartbeat/storage.go:238.39,240.9 1 0
github.com/turtacn/hci-vcls/internal/heartbeat/storage.go:245.4,245.27 1 1
github.com/turtacn/hci-vcls/internal/heartbeat/storage.go:250.63,254.6 3 1
github.com/turtacn/hci-vcls/internal/heartbeat/storage.go:254.6,255.10 1 1
github.com/turtacn/hci-vcls/internal/heartbeat/storage.go:256.21,257.10 1 1
github.com/turtacn/hci-vcls/internal/heartbeat/storage.go:258.19,260.44 2 1
github.com/turtacn/hci-vcls/internal/heartbeat/storage.go:260.44,261.88 1 1
github.com/turtacn/hci-vcls/internal/heartbeat/storage.go:261.88,262.23 1 0
github.com/turtacn/hci-vcls/internal/heartbeat/storage.go:262.23,266.7 3 0
github.com/turtacn/hci-vcls/internal/heartbeat/storage.go:269.4,269.27 1 1
github.com/turtacn/hci-vcls/internal/heartbeat/storage.go:274.56,275.31 1 0
github.com/turtacn/hci-vcls/internal/heartbeat/storage.go:275.31,277.3 1 0
github.com/turtacn/hci-vcls/internal/heartbeat/storage.go:280.61,281.36 1 0
github.com/turtacn/hci-vcls/internal/heartbeat/storage.go:281.36,283.3 1 0
github.com/turtacn/hci-vcls/internal/heartbeat/udp.go:27.64,42.36 3 1
github.com/turtacn/hci-vcls/internal/heartbeat/udp.go:42.36,44.3 1 1
github.com/turtacn/hci-vcls/internal/heartbeat/udp.go:46.2,46.11 1 1
github.com/turtacn/hci-vcls/internal/heartbeat/udp.go:49.59,51.16 2 1
github.com/turtacn/hci-vcls/internal/heartbeat/udp.go:51.16,53.3 1 0
github.com/turtacn/hci-vcls/internal/heartbeat/udp.go:55.2,56.16 2 1
github.com/turtacn/hci-vcls/internal/heartbeat/udp.go:56.16,58.3 1 0
github.com/turtacn/hci-vcls/internal/heartbeat/udp.go:59.2,65.12 5 1
github.com/turtacn/hci-vcls/internal/heartbeat/udp.go:68.39,70.19 2 1
github.com/turtacn/hci-vcls/internal/heartbeat/udp.go:70.19,72.3 1 1
github.com/turtacn/hci-vcls/internal/heartbeat/udp.go:73.2,73.12 1 0
github.com/turtacn/hci-vcls/internal/heartbeat/udp.go:76.75,80.9 4 1
github.com/turtacn/hci-vcls/internal/heartbeat/udp.go:80.9,82.3 1 1
github.com/turtacn/hci-vcls/internal/heartbeat/udp.go:83.2,83.19 1 1
github.com/turtacn/hci-vcls/internal/heartbeat/udp.go:86.68,91.33 4 0
github.com/turtacn/hci-vcls/internal/heartbeat/udp.go:91.33,93.3 1 0
github.com/turtacn/hci-vcls/internal/heartbeat/udp.go:94.2,94.12 1 0
github.com/turtacn/hci-vcls/internal/heartbeat/udp.go:97.67,99.2 1 0
github.com/turtacn/hci-vcls/internal/heartbeat/udp.go:101.72,103.2 1 0
github.com/turtacn/hci-vcls/internal/heartbeat/udp.go:105.78,107.2 1 0
github.com/turtacn/hci-vcls/internal/heartbeat/udp.go:109.86,115.2 5 1
github.com/turtacn/hci-vcls/internal/heartbeat/udp.go:117.40,119.6 2 1
github.com/turtacn/hci-vcls/internal/heartbeat/udp.go:119.6,120.10 1 1
github.com/turtacn/hci-vcls/internal/heartbeat/udp.go:121.23,122.10 1 1
github.com/turtacn/hci-vcls/internal/heartbeat/udp.go:123.11,123.11 0 1
github.com/turtacn/hci-vcls/internal/heartbeat/udp.go:126.3,126.20 1 1
github.com/turtacn/hci-vcls/internal/heartbeat/udp.go:126.20,128.12 2 0
github.com/turtacn/hci-vcls/internal/heartbeat/udp.go:131.3,133.17 3 1
github.com/turtacn/hci-vcls/internal/heartbeat/udp.go:133.17,134.61 1 1
github.com/turtacn/hci-vcls/internal/heartbeat/udp.go:134.61,135.13 1 0
github.com/turtacn/hci-vcls/internal/heartbeat/udp.go:137.4,137.12 1 1
github.com/turtacn/hci-vcls/internal/heartbeat/udp.go:140.3,141.58 2 0
github.com/turtacn/hci-vcls/internal/heartbeat/udp.go:141.58,142.12 1 0
github.com/turtacn/hci-vcls/internal/heartbeat/udp.go:145.3,147.9 3 0
github.com/turtacn/hci-vcls/internal/heartbeat/udp.go:147.9,152.17 5 0
github.com/turtacn/hci-vcls/internal/heartbeat/udp.go:152.17,154.5 1 0
github.com/turtacn/hci-vcls/internal/heartbeat/udp.go:156.3,158.34 2 0
github.com/turtacn/hci-vcls/internal/heartbeat/udp.go:158.34,160.4 1 0
github.com/turtacn/hci-vcls/internal/heartbeat/udp.go:164.37,168.6 3 1
github.com/turtacn/hci-vcls/internal/heartbeat/udp.go:168.6,169.10 1 1
github.com/turtacn/hci-vcls/internal/heartbeat/udp.go:170.23,171.10 1 1
github.com/turtacn/hci-vcls/internal/heartbeat/udp.go:172.19,179.44 5 1
github.com/turtacn/hci-vcls/internal/heartbeat/udp.go:179.44,181.19 2 1
github.com/turtacn/hci-vcls/internal/heartbeat/udp.go:181.19,182.14 1 0
github.com/turtacn/hci-vcls/internal/heartbeat/udp.go:184.5,184.22 1 1
github.com/turtacn/hci-vcls/internal/heartbeat/udp.go:184.22,186.6 1 1
github.com/turtacn/hci-vcls/internal/heartbeat/udp.go:192.59,196.6 3 1
github.com/turtacn/hci-vcls/internal/heartbeat/udp.go:196.6,197.10 1 1
github.com/turtacn/hci-vcls/internal/heartbeat/udp.go:198.21,199.10 1 1
github.com/turtacn/hci-vcls/internal/heartbeat/udp.go:200.19,202.44 2 1
github.com/turtacn/hci-vcls/internal/heartbeat/udp.go:202.44,203.88 1 1
github.com/turtacn/hci-vcls/internal/heartbeat/udp.go:203.88,204.23 1 1
github.com/turtacn/hci-vcls/internal/heartbeat/udp.go:204.23,208.7 3 1
github.com/turtacn/hci-vcls/internal/heartbeat/udp.go:211.4,211.27 1 1
github.com/turtacn/hci-vcls/internal/heartbeat/udp.go:216.52,217.31 1 1
github.com/turtacn/hci-vcls/internal/heartbeat/udp.go:217.31,219.3 1 0
github.com/turtacn/hci-vcls/internal/heartbeat/udp.go:222.57,223.36 1 0
github.com/turtacn/hci-vcls/internal/heartbeat/udp.go:223.36,225.3 1 0
github.com/turtacn/hci-vcls/pkg/api/grpc/server.go:16.42,20.2 1 1
github.com/turtacn/hci-vcls/pkg/api/grpc/server.go:22.109,28.2 1 1
github.com/turtacn/hci-vcls/pkg/api/grpc/server.go:30.106,38.2 2 1
github.com/turtacn/hci-vcls/pkg/api/grpc/server.go:40.121,45.2 2 1
github.com/turtacn/hci-vcls/pkg/api/grpc/server.go:47.115,49.16 2 1
github.com/turtacn/hci-vcls/pkg/api/grpc/server.go:49.16,51.3 1 1
github.com/turtacn/hci-vcls/pkg/api/grpc/server.go:52.2,52.17 1 0
github.com/turtacn/hci-vcls/pkg/api/grpc/server.go:52.17,54.3 1 0
github.com/turtacn/hci-vcls/pkg/api/grpc/server.go:55.2,57.8 1 0
github.com/turtacn/hci-vcls/pkg/api/grpc/server.go:60.112,64.2 1 1
github.com/turtacn/hci-vcls/pkg/api/grpc/server.go:66.106,70.2 1 1
github.com/turtacn/hci-vcls/pkg/api/grpc/server.go:72.124,77.2 1 1
github.com/turtacn/hci-vcls/pkg/api/grpc/server.go:79.115,83.2 1 1
github.com/turtacn/hci-vcls/pkg/cfs/adapter_impl.go:14.71,16.2 1 1
github.com/turtacn/hci-vcls/pkg/cfs/adapter_impl.go:18.42,20.16 2 1
github.com/turtacn/hci-vcls/pkg/cfs/adapter_impl.go:20.16,21.25 1 1
github.com/turtacn/hci-vcls/pkg/cfs/adapter_impl.go:21.25,23.4 1 1
github.com/turtacn/hci-vcls/pkg/cfs/adapter_impl.go:24.3,24.59 1 0
github.com/turtacn/hci-vcls/pkg/cfs/adapter_impl.go:26.2,26.54 1 1
github.com/turtacn/hci-vcls/pkg/cfs/adapter_impl.go:29.46,32.2 1 1
github.com/turtacn/hci-vcls/pkg/cfs/adapter_impl.go:34.65,37.2 1 0
github.com/turtacn/hci-vcls/pkg/cfs/adapter_impl.go:39.53,42.2 1 0
github.com/turtacn/hci-vcls/pkg/cfs/adapter_impl.go:44.37,46.2 1 1
github.com/turtacn/hci-vcls/pkg/cfs/client.go:21.38,26.2 1 1
github.com/turtacn/hci-vcls/pkg/cfs/client.go:29.38,33.2 3 1
github.com/turtacn/hci-vcls/pkg/cfs/client.go:36.44,40.2 3 1
github.com/turtacn/hci-vcls/pkg/cfs/client.go:42.86,46.27 4 1
github.com/turtacn/hci-vcls/pkg/cfs/client.go:46.27,47.32 1 1
github.com/turtacn/hci-vcls/pkg/cfs/client.go:47.32,49.4 1 1
github.com/turtacn/hci-vcls/pkg/cfs/client.go:51.2,51.20 1 1
github.com/turtacn/hci-vcls/pkg/cfs/client.go:54.77,58.9 4 1
github.com/turtacn/hci-vcls/pkg/cfs/client.go:58.9,60.3 1 1
github.com/turtacn/hci-vcls/pkg/cfs/client.go:61.2,61.16 1 1
github.com/turtacn/hci-vcls/pkg/cfs/client.go:64.90,68.31 4 1
github.com/turtacn/hci-vcls/pkg/cfs/client.go:68.31,69.34 1 1
github.com/turtacn/hci-vcls/pkg/cfs/client.go:69.34,71.4 1 1
github.com/turtacn/hci-vcls/pkg/cfs/client.go:73.2,73.20 1 1
github.com/turtacn/hci-vcls/pkg/cfs/client.go:76.83,80.9 4 1
github.com/turtacn/hci-vcls/pkg/cfs/client.go:80.9,82.3 1 0
github.com/turtacn/hci-vcls/pkg/cfs/client.go:83.2,83.18 1 1
github.com/turtacn/hci-vcls/pkg/cfs/types.go:12.38,13.11 1 1
github.com/turtacn/hci-vcls/pkg/cfs/types.go:14.23,15.19 1 1
github.com/turtacn/hci-vcls/pkg/cfs/types.go:16.24,17.20 1 1
github.com/turtacn/hci-vcls/pkg/cfs/types.go:18.25,19.21 1 1
github.com/turtacn/hci-vcls/pkg/cfs/types.go:20.27,21.23 1 1
github.com/turtacn/hci-vcls/pkg/cfs/types.go:22.10,23.19 1 1
github.com/turtacn/hci-vcls/pkg/api/rest/handler.go:16.61,21.2 1 1
github.com/turtacn/hci-vcls/pkg/api/rest/handler.go:23.54,27.2 3 1
github.com/turtacn/hci-vcls/pkg/api/rest/handler.go:27.2,36.3 8 1
github.com/turtacn/hci-vcls/pkg/api/rest/handler.go:39.55,40.30 1 1
github.com/turtacn/hci-vcls/pkg/api/rest/handler.go:40.30,43.3 1 1
github.com/turtacn/hci-vcls/pkg/api/rest/handler.go:46.46,53.2 1 1
github.com/turtacn/hci-vcls/pkg/api/rest/handler.go:55.45,58.2 2 1
github.com/turtacn/hci-vcls/pkg/api/rest/handler.go:60.50,65.2 2 1
github.com/turtacn/hci-vcls/pkg/api/rest/handler.go:71.46,73.47 2 1
github.com/turtacn/hci-vcls/pkg/api/rest/handler.go:73.47,76.3 2 1
github.com/turtacn/hci-vcls/pkg/api/rest/handler.go:78.2,79.16 2 1
github.com/turtacn/hci-vcls/pkg/api/rest/handler.go:79.16,82.3 2 1
github.com/turtacn/hci-vcls/pkg/api/rest/handler.go:84.2,84.17 1 0
github.com/turtacn/hci-vcls/pkg/api/rest/handler.go:84.17,87.3 2 0
github.com/turtacn/hci-vcls/pkg/api/rest/handler.go:89.2,92.4 1 0
github.com/turtacn/hci-vcls/pkg/api/rest/handler.go:95.45,100.2 1 1
github.com/turtacn/hci-vcls/pkg/api/rest/handler.go:102.43,107.2 2 1
github.com/turtacn/hci-vcls/pkg/api/rest/handler.go:109.52,114.2 1 1
github.com/turtacn/hci-vcls/pkg/api/rest/handler.go:116.46,120.2 1 1
github.com/turtacn/hci-vcls/pkg/api/rest/handler.go:122.58,123.29 1 1
github.com/turtacn/hci-vcls/pkg/api/rest/handler.go:123.29,126.3 2 1
github.com/turtacn/hci-vcls/pkg/api/rest/handler.go:127.2,127.34 1 1
github.com/turtacn/hci-vcls/pkg/api/rest/handler.go:127.34,130.3 2 1
github.com/turtacn/hci-vcls/pkg/api/rest/handler.go:131.2,131.58 1 1
github.com/turtacn/hci-vcls/pkg/api/rest/handler.go:131.58,134.3 2 1
github.com/turtacn/hci-vcls/pkg/api/rest/handler.go:135.2,135.95 1 1
github.com/turtacn/hci-vcls/pkg/api/rest/server.go:15.49,26.2 3 1
github.com/turtacn/hci-vcls/pkg/api/rest/server.go:28.32,29.85 1 1
github.com/turtacn/hci-vcls/pkg/api/rest/server.go:29.85,31.3 1 0
github.com/turtacn/hci-vcls/pkg/api/rest/server.go:32.2,32.12 1 1
github.com/turtacn/hci-vcls/pkg/api/rest/server.go:35.50,37.2 1 1
github.com/turtacn/hci-vcls/pkg/fdm/agent_impl.go:47.118,63.45 3 1
github.com/turtacn/hci-vcls/pkg/fdm/agent_impl.go:63.45,65.3 1 1
github.com/turtacn/hci-vcls/pkg/fdm/agent_impl.go:67.2,67.14 1 1
github.com/turtacn/hci-vcls/pkg/fdm/agent_impl.go:70.61,72.2 1 0
github.com/turtacn/hci-vcls/pkg/fdm/agent_impl.go:74.58,76.2 1 0
github.com/turtacn/hci-vcls/pkg/fdm/agent_impl.go:78.61,80.2 1 0
github.com/turtacn/hci-vcls/pkg/fdm/agent_impl.go:82.54,83.58 1 1
github.com/turtacn/hci-vcls/pkg/fdm/agent_impl.go:83.58,86.17 3 1
github.com/turtacn/hci-vcls/pkg/fdm/agent_impl.go:86.17,87.24 1 1
github.com/turtacn/hci-vcls/pkg/fdm/agent_impl.go:87.24,89.5 1 1
github.com/turtacn/hci-vcls/pkg/fdm/agent_impl.go:93.2,94.16 2 1
github.com/turtacn/hci-vcls/pkg/fdm/agent_impl.go:94.16,95.19 1 0
github.com/turtacn/hci-vcls/pkg/fdm/agent_impl.go:95.19,97.4 1 0
github.com/turtacn/hci-vcls/pkg/fdm/agent_impl.go:100.2,101.12 2 1
github.com/turtacn/hci-vcls/pkg/fdm/agent_impl.go:104.34,107.2 2 1
github.com/turtacn/hci-vcls/pkg/fdm/agent_impl.go:109.55,114.33 4 1
github.com/turtacn/hci-vcls/pkg/fdm/agent_impl.go:114.33,116.3 1 1
github.com/turtacn/hci-vcls/pkg/fdm/agent_impl.go:117.2,117.12 1 1
github.com/turtacn/hci-vcls/pkg/fdm/agent_impl.go:120.62,124.2 3 1
github.com/turtacn/hci-vcls/pkg/fdm/agent_impl.go:126.37,130.2 3 1
github.com/turtacn/hci-vcls/pkg/fdm/agent_impl.go:132.43,136.2 3 1
github.com/turtacn/hci-vcls/pkg/fdm/agent_impl.go:138.65,142.2 3 1
github.com/turtacn/hci-vcls/pkg/fdm/agent_impl.go:144.81,148.2 3 1
github.com/turtacn/hci-vcls/pkg/fdm/agent_impl.go:150.47,156.28 4 1
github.com/turtacn/hci-vcls/pkg/fdm/agent_impl.go:157.23,158.32 1 1
github.com/turtacn/hci-vcls/pkg/fdm/agent_impl.go:159.24,160.30 1 0
github.com/turtacn/hci-vcls/pkg/fdm/agent_impl.go:161.24,162.31 1 0
github.com/turtacn/hci-vcls/pkg/fdm/agent_impl.go:163.27,164.31 1 0
github.com/turtacn/hci-vcls/pkg/fdm/agent_impl.go:165.10,166.32 1 0
github.com/turtacn/hci-vcls/pkg/fdm/agent_impl.go:169.2,170.33 2 1
github.com/turtacn/hci-vcls/pkg/fdm/agent_impl.go:170.33,172.3 1 1
github.com/turtacn/hci-vcls/pkg/fdm/agent_impl.go:174.2,178.3 1 1
github.com/turtacn/hci-vcls/pkg/fdm/agent_impl.go:181.33,185.6 3 1
github.com/turtacn/hci-vcls/pkg/fdm/agent_impl.go:185.6,186.10 1 1
github.com/turtacn/hci-vcls/pkg/fdm/agent_impl.go:187.23,188.10 1 1
github.com/turtacn/hci-vcls/pkg/fdm/agent_impl.go:189.19,192.50 3 1
github.com/turtacn/hci-vcls/pkg/fdm/agent_impl.go:197.100,205.24 6 1
github.com/turtacn/hci-vcls/pkg/fdm/agent_impl.go:205.24,206.16 1 1
github.com/turtacn/hci-vcls/pkg/fdm/agent_impl.go:206.16,208.4 1 1
github.com/turtacn/hci-vcls/pkg/fdm/agent_impl.go:209.3,209.29 1 1
github.com/turtacn/hci-vcls/pkg/fdm/agent_impl.go:209.29,210.17 1 1
github.com/turtacn/hci-vcls/pkg/fdm/agent_impl.go:210.17,214.5 3 1
github.com/turtacn/hci-vcls/pkg/fdm/agent_impl.go:214.10,215.56 1 1
github.com/turtacn/hci-vcls/pkg/fdm/agent_impl.go:215.56,218.6 2 0
github.com/turtacn/hci-vcls/pkg/fdm/agent_impl.go:223.2,224.15 2 1
github.com/turtacn/hci-vcls/pkg/fdm/agent_impl.go:224.15,226.3 1 1
github.com/turtacn/hci-vcls/pkg/fdm/agent_impl.go:226.8,228.3 1 1
github.com/turtacn/hci-vcls/pkg/fdm/agent_impl.go:230.2,233.27 3 1
github.com/turtacn/hci-vcls/pkg/fdm/agent_impl.go:233.27,244.52 5 0
github.com/turtacn/hci-vcls/pkg/fdm/agent_impl.go:244.52,246.4 1 0
github.com/turtacn/hci-vcls/pkg/fdm/agent_impl.go:248.3,248.49 1 0
github.com/turtacn/hci-vcls/pkg/fdm/agent_impl.go:248.49,250.4 1 0
github.com/turtacn/hci-vcls/pkg/fdm/agent_impl.go:250.9,252.4 1 0
github.com/turtacn/hci-vcls/pkg/fdm/agent_impl.go:255.2,255.38 1 1
github.com/turtacn/hci-vcls/pkg/fdm/agent_impl.go:258.82,261.38 3 1
github.com/turtacn/hci-vcls/pkg/fdm/agent_impl.go:261.38,264.3 2 1
github.com/turtacn/hci-vcls/pkg/fdm/agent_impl.go:265.2,267.13 2 1
github.com/turtacn/hci-vcls/pkg/fdm/agent_impl.go:267.13,268.23 1 1
github.com/turtacn/hci-vcls/pkg/fdm/agent_impl.go:268.23,270.4 1 1
github.com/turtacn/hci-vcls/pkg/fdm/agent_impl.go:272.3,277.26 5 1
github.com/turtacn/hci-vcls/pkg/fdm/agent_impl.go:277.26,279.4 1 1
github.com/turtacn/hci-vcls/pkg/fdm/agent_impl.go:283.114,288.110 4 1
github.com/turtacn/hci-vcls/pkg/fdm/agent_impl.go:288.110,290.66 1 0
github.com/turtacn/hci-vcls/pkg/fdm/agent_impl.go:290.66,292.32 2 0
github.com/turtacn/hci-vcls/pkg/fdm/agent_impl.go:292.32,293.21 1 0
github.com/turtacn/hci-vcls/pkg/fdm/agent_impl.go:293.21,295.6 1 0
github.com/turtacn/hci-vcls/pkg/fdm/agent_impl.go:296.5,296.11 1 0
github.com/turtacn/hci-vcls/pkg/fdm/agent_impl.go:300.3,300.28 1 0
github.com/turtacn/hci-vcls/pkg/fdm/agent_impl.go:300.28,303.4 2 0
github.com/turtacn/hci-vcls/pkg/fdm/agent_impl.go:304.3,304.19 1 0
github.com/turtacn/hci-vcls/pkg/fdm/agent_impl.go:304.19,306.4 1 0
github.com/turtacn/hci-vcls/pkg/fdm/agent_impl.go:307.3,307.45 1 0
github.com/turtacn/hci-vcls/pkg/fdm/daemon_impl.go:18.82,26.2 1 1
github.com/turtacn/hci-vcls/pkg/fdm/daemon_impl.go:28.55,29.39 1 1
github.com/turtacn/hci-vcls/pkg/fdm/daemon_impl.go:29.39,33.55 2 1
github.com/turtacn/hci-vcls/pkg/fdm/daemon_impl.go:33.55,34.43 1 1
github.com/turtacn/hci-vcls/pkg/fdm/daemon_impl.go:34.43,36.5 1 0
github.com/turtacn/hci-vcls/pkg/fdm/daemon_impl.go:39.2,39.12 1 1
github.com/turtacn/hci-vcls/pkg/fdm/daemon_impl.go:42.60,44.2 1 1
github.com/turtacn/hci-vcls/pkg/fdm/daemon_impl.go:46.35,47.34 1 1
github.com/turtacn/hci-vcls/pkg/fdm/daemon_impl.go:47.34,49.17 2 1
github.com/turtacn/hci-vcls/pkg/fdm/daemon_impl.go:49.17,51.4 1 0
github.com/turtacn/hci-vcls/pkg/fdm/daemon_impl.go:53.2,53.12 1 1
github.com/turtacn/hci-vcls/pkg/fdm/daemon_impl.go:56.54,58.9 2 1
github.com/turtacn/hci-vcls/pkg/fdm/daemon_impl.go:58.9,60.3 1 1
github.com/turtacn/hci-vcls/pkg/fdm/daemon_impl.go:61.2,61.19 1 1
github.com/turtacn/hci-vcls/pkg/fdm/daemon_impl.go:64.48,66.2 1 1
github.com/turtacn/hci-vcls/pkg/fdm/daemon_impl.go:68.65,71.33 2 1
github.com/turtacn/hci-vcls/pkg/fdm/daemon_impl.go:71.33,73.23 2 1
github.com/turtacn/hci-vcls/pkg/fdm/daemon_impl.go:73.23,75.4 1 0
github.com/turtacn/hci-vcls/pkg/fdm/daemon_impl.go:77.2,77.17 1 1
github.com/turtacn/hci-vcls/pkg/fdm/daemon_impl.go:80.85,82.2 1 1
github.com/turtacn/hci-vcls/pkg/fdm/errors.go:11.35,12.18 1 0
github.com/turtacn/hci-vcls/pkg/fdm/errors.go:12.18,14.3 1 0
github.com/turtacn/hci-vcls/pkg/fdm/errors.go:15.2,15.59 1 0
github.com/turtacn/hci-vcls/pkg/fdm/errors.go:18.35,20.2 1 0
github.com/turtacn/hci-vcls/pkg/fdm/fdm.go:14.31,16.2 1 1
github.com/turtacn/hci-vcls/pkg/fdm/fdm.go:18.159,19.9 1 1
github.com/turtacn/hci-vcls/pkg/fdm/fdm.go:20.20,21.24 1 1
github.com/turtacn/hci-vcls/pkg/fdm/fdm.go:22.10,22.10 0 1
github.com/turtacn/hci-vcls/pkg/fdm/fdm.go:25.2,35.21 2 1
github.com/turtacn/hci-vcls/pkg/fdm/fdm.go:35.21,38.3 2 1
github.com/turtacn/hci-vcls/pkg/fdm/fdm.go:40.2,44.29 4 1
github.com/turtacn/hci-vcls/pkg/fdm/fdm.go:44.29,45.19 1 1
github.com/turtacn/hci-vcls/pkg/fdm/fdm.go:45.19,47.4 1 1
github.com/turtacn/hci-vcls/pkg/fdm/fdm.go:47.9,50.35 3 1
github.com/turtacn/hci-vcls/pkg/fdm/fdm.go:50.35,52.5 1 1
github.com/turtacn/hci-vcls/pkg/fdm/fdm.go:54.3,54.43 1 1
github.com/turtacn/hci-vcls/pkg/fdm/fdm.go:57.2,57.25 1 1
github.com/turtacn/hci-vcls/pkg/fdm/fdm.go:57.25,60.3 2 1
github.com/turtacn/hci-vcls/pkg/fdm/fdm.go:62.2,66.9 3 1
github.com/turtacn/hci-vcls/pkg/fdm/fdm.go:67.27,68.29 1 1
github.com/turtacn/hci-vcls/pkg/fdm/fdm.go:69.27,70.29 1 1
github.com/turtacn/hci-vcls/pkg/fdm/fdm.go:71.27,72.32 1 0
github.com/turtacn/hci-vcls/pkg/fdm/fdm.go:76.2,78.9 3 1
github.com/turtacn/hci-vcls/pkg/fdm/fdm.go:79.21,80.29 1 0
github.com/turtacn/hci-vcls/pkg/fdm/fdm.go:81.21,82.29 1 1
github.com/turtacn/hci-vcls/pkg/fdm/fdm.go:83.10,84.32 1 1
github.com/turtacn/hci-vcls/pkg/fdm/fdm.go:88.2,93.27 4 1
github.com/turtacn/hci-vcls/pkg/fdm/fdm.go:93.27,97.3 3 1
github.com/turtacn/hci-vcls/pkg/fdm/fdm.go:99.2,99.24 1 1
github.com/turtacn/hci-vcls/pkg/fdm/fdm.go:99.24,102.3 2 1
github.com/turtacn/hci-vcls/pkg/fdm/fdm.go:104.2,104.46 1 1
github.com/turtacn/hci-vcls/pkg/fdm/fdm.go:104.46,106.84 1 1
github.com/turtacn/hci-vcls/pkg/fdm/fdm.go:106.84,108.4 1 0
github.com/turtacn/hci-vcls/pkg/fdm/fdm.go:109.3,109.70 1 1
github.com/turtacn/hci-vcls/pkg/fdm/fdm.go:112.2,113.19 2 1
github.com/turtacn/hci-vcls/pkg/fdm/fdm.go:116.55,117.38 1 1
github.com/turtacn/hci-vcls/pkg/fdm/fdm.go:117.38,119.3 1 0
github.com/turtacn/hci-vcls/pkg/fdm/fdm.go:120.2,120.10 1 1
github.com/turtacn/hci-vcls/pkg/fdm/utils.go:3.42,4.11 1 1
github.com/turtacn/hci-vcls/pkg/fdm/utils.go:5.23,6.11 1 1
github.com/turtacn/hci-vcls/pkg/fdm/utils.go:7.24,8.11 1 1
github.com/turtacn/hci-vcls/pkg/fdm/utils.go:9.24,10.11 1 1
github.com/turtacn/hci-vcls/pkg/fdm/utils.go:11.27,12.11 1 1
github.com/turtacn/hci-vcls/pkg/fdm/utils.go:13.10,14.11 1 1
github.com/turtacn/hci-vcls/pkg/cache/cache.go:21.92,28.2 3 1
github.com/turtacn/hci-vcls/pkg/cache/cache.go:30.68,35.13 4 1
github.com/turtacn/hci-vcls/pkg/cache/cache.go:35.13,37.3 1 1
github.com/turtacn/hci-vcls/pkg/cache/cache.go:39.2,42.3 1 1
github.com/turtacn/hci-vcls/pkg/cache/cache.go:45.50,50.13 4 1
github.com/turtacn/hci-vcls/pkg/cache/cache.go:50.13,53.3 2 1
github.com/turtacn/hci-vcls/pkg/cache/cache.go:55.2,55.68 1 1
github.com/turtacn/hci-vcls/pkg/cache/cache.go:55.68,58.3 2 0
github.com/turtacn/hci-vcls/pkg/cache/cache.go:60.2,60.25 1 1
github.com/turtacn/hci-vcls/pkg/cache/cache.go:63.43,67.2 3 1
github.com/turtacn/hci-vcls/pkg/cache/cache.go:69.40,76.28 5 1
github.com/turtacn/hci-vcls/pkg/cache/cache.go:76.28,77.47 1 1
github.com/turtacn/hci-vcls/pkg/cache/cache.go:77.47,79.4 1 1
github.com/turtacn/hci-vcls/pkg/cache/cache.go:81.2,81.13 1 1
github.com/turtacn/hci-vcls/pkg/cache/cache.go:84.37,88.2 3 0
github.com/turtacn/hci-vcls/pkg/cache/cache.go:90.43,91.9 1 1
github.com/turtacn/hci-vcls/pkg/cache/cache.go:92.18,92.18 0 0
github.com/turtacn/hci-vcls/pkg/cache/cache.go:93.10,94.18 1 1
github.com/turtacn/hci-vcls/pkg/cache/cache.go:96.2,96.12 1 1
github.com/turtacn/hci-vcls/pkg/cache/cache.go:99.65,103.6 3 1
github.com/turtacn/hci-vcls/pkg/cache/cache.go:103.6,104.10 1 1
github.com/turtacn/hci-vcls/pkg/cache/cache.go:105.19,106.10 1 1
github.com/turtacn/hci-vcls/pkg/cache/cache.go:107.19,108.15 1 1
github.com/turtacn/hci-vcls/pkg/cache/cache.go:113.39,117.28 4 1
github.com/turtacn/hci-vcls/pkg/cache/cache.go:117.28,118.45 1 1
github.com/turtacn/hci-vcls/pkg/cache/cache.go:118.45,120.4 1 1
github.com/turtacn/hci-vcls/pkg/cache/errors.go:11.37,12.18 1 1
github.com/turtacn/hci-vcls/pkg/cache/errors.go:12.18,14.3 1 0
github.com/turtacn/hci-vcls/pkg/cache/errors.go:15.2,15.61 1 1
github.com/turtacn/hci-vcls/pkg/cache/errors.go:18.37,20.2 1 1
github.com/turtacn/hci-vcls/pkg/cache/local_fs.go:13.51,15.16 2 1
github.com/turtacn/hci-vcls/pkg/cache/local_fs.go:15.16,17.3 1 0
github.com/turtacn/hci-vcls/pkg/cache/local_fs.go:18.2,18.43 1 1
github.com/turtacn/hci-vcls/pkg/cache/local_fs.go:21.63,24.16 3 1
github.com/turtacn/hci-vcls/pkg/cache/local_fs.go:24.16,25.25 1 1
github.com/turtacn/hci-vcls/pkg/cache/local_fs.go:25.25,27.4 1 1
github.com/turtacn/hci-vcls/pkg/cache/local_fs.go:28.3,28.18 1 0
github.com/turtacn/hci-vcls/pkg/cache/local_fs.go:31.2,33.16 3 1
github.com/turtacn/hci-vcls/pkg/cache/local_fs.go:33.16,35.3 1 0
github.com/turtacn/hci-vcls/pkg/cache/local_fs.go:36.2,36.19 1 1
github.com/turtacn/hci-vcls/pkg/cache/local_fs.go:39.65,41.16 2 1
github.com/turtacn/hci-vcls/pkg/cache/local_fs.go:41.16,43.3 1 0
github.com/turtacn/hci-vcls/pkg/cache/local_fs.go:44.2,48.16 4 1
github.com/turtacn/hci-vcls/pkg/cache/local_fs.go:48.16,50.3 1 0
github.com/turtacn/hci-vcls/pkg/cache/local_fs.go:52.2,52.41 1 1
github.com/turtacn/hci-vcls/pkg/cache/local_fs.go:52.41,56.3 3 0
github.com/turtacn/hci-vcls/pkg/cache/local_fs.go:58.2,58.33 1 1
github.com/turtacn/hci-vcls/pkg/cache/local_fs.go:58.33,62.3 3 0
github.com/turtacn/hci-vcls/pkg/cache/local_fs.go:64.2,64.34 1 1
github.com/turtacn/hci-vcls/pkg/cache/local_fs.go:64.34,67.3 2 0
github.com/turtacn/hci-vcls/pkg/cache/local_fs.go:69.2,69.33 1 1
github.com/turtacn/hci-vcls/pkg/cache/local_fs.go:72.48,75.39 3 1
github.com/turtacn/hci-vcls/pkg/cache/local_fs.go:75.39,77.3 1 0
github.com/turtacn/hci-vcls/pkg/cache/local_fs.go:78.2,78.12 1 1
github.com/turtacn/hci-vcls/pkg/cache/local_fs.go:81.54,83.16 2 1
github.com/turtacn/hci-vcls/pkg/cache/local_fs.go:83.16,85.3 1 0
github.com/turtacn/hci-vcls/pkg/cache/local_fs.go:87.2,88.26 2 1
github.com/turtacn/hci-vcls/pkg/cache/local_fs.go:88.26,89.17 1 1
github.com/turtacn/hci-vcls/pkg/cache/local_fs.go:89.17,91.54 2 1
github.com/turtacn/hci-vcls/pkg/cache/local_fs.go:91.54,94.34 3 1
github.com/turtacn/hci-vcls/pkg/cache/local_fs.go:94.34,96.6 1 1
github.com/turtacn/hci-vcls/pkg/cache/local_fs.go:100.2,100.19 1 1
github.com/turtacn/hci-vcls/pkg/cache/manager_impl.go:28.160,42.2 2 1
github.com/turtacn/hci-vcls/pkg/cache/manager_impl.go:44.61,45.43 1 1
github.com/turtacn/hci-vcls/pkg/cache/manager_impl.go:45.43,47.3 1 1
github.com/turtacn/hci-vcls/pkg/cache/manager_impl.go:48.2,48.12 1 1
github.com/turtacn/hci-vcls/pkg/cache/manager_impl.go:51.41,52.43 1 1
github.com/turtacn/hci-vcls/pkg/cache/manager_impl.go:52.43,54.3 1 1
github.com/turtacn/hci-vcls/pkg/cache/manager_impl.go:55.2,55.12 1 1
github.com/turtacn/hci-vcls/pkg/cache/manager_impl.go:58.101,61.48 3 1
github.com/turtacn/hci-vcls/pkg/cache/manager_impl.go:61.48,65.32 4 1
github.com/turtacn/hci-vcls/pkg/cache/manager_impl.go:65.32,70.4 4 1
github.com/turtacn/hci-vcls/pkg/cache/manager_impl.go:71.8,71.23 1 1
github.com/turtacn/hci-vcls/pkg/cache/manager_impl.go:71.23,74.3 2 1
github.com/turtacn/hci-vcls/pkg/cache/manager_impl.go:74.8,76.3 1 0
github.com/turtacn/hci-vcls/pkg/cache/manager_impl.go:77.2,77.18 1 1
github.com/turtacn/hci-vcls/pkg/cache/manager_impl.go:80.101,83.48 3 1
github.com/turtacn/hci-vcls/pkg/cache/manager_impl.go:83.48,87.32 4 1
github.com/turtacn/hci-vcls/pkg/cache/manager_impl.go:87.32,92.4 4 0
github.com/turtacn/hci-vcls/pkg/cache/manager_impl.go:93.8,93.23 1 0
github.com/turtacn/hci-vcls/pkg/cache/manager_impl.go:93.23,96.3 2 0
github.com/turtacn/hci-vcls/pkg/cache/manager_impl.go:96.8,98.3 1 0
github.com/turtacn/hci-vcls/pkg/cache/manager_impl.go:99.2,99.18 1 1
github.com/turtacn/hci-vcls/pkg/cache/manager_impl.go:102.101,105.48 3 1
github.com/turtacn/hci-vcls/pkg/cache/manager_impl.go:105.48,109.32 4 1
github.com/turtacn/hci-vcls/pkg/cache/manager_impl.go:109.32,114.4 4 0
github.com/turtacn/hci-vcls/pkg/cache/manager_impl.go:115.8,115.23 1 0
github.com/turtacn/hci-vcls/pkg/cache/manager_impl.go:115.23,118.3 2 0
github.com/turtacn/hci-vcls/pkg/cache/manager_impl.go:118.8,120.3 1 0
github.com/turtacn/hci-vcls/pkg/cache/manager_impl.go:121.2,121.18 1 1
github.com/turtacn/hci-vcls/pkg/cache/manager_impl.go:124.91,125.25 1 1
github.com/turtacn/hci-vcls/pkg/cache/manager_impl.go:125.25,127.3 1 1
github.com/turtacn/hci-vcls/pkg/cache/manager_impl.go:128.2,128.26 1 0
github.com/turtacn/hci-vcls/pkg/cache/manager_impl.go:131.73,132.25 1 1
github.com/turtacn/hci-vcls/pkg/cache/manager_impl.go:132.25,134.3 1 0
github.com/turtacn/hci-vcls/pkg/cache/manager_impl.go:137.2,138.16 2 1
github.com/turtacn/hci-vcls/pkg/cache/manager_impl.go:138.16,140.3 1 1
github.com/turtacn/hci-vcls/pkg/cache/manager_impl.go:141.2,141.18 1 1
github.com/turtacn/hci-vcls/pkg/cache/manager_impl.go:141.18,143.3 1 1
github.com/turtacn/hci-vcls/pkg/cache/manager_impl.go:146.2,147.16 2 1
github.com/turtacn/hci-vcls/pkg/cache/manager_impl.go:147.16,149.3 1 0
github.com/turtacn/hci-vcls/pkg/cache/manager_impl.go:150.2,150.18 1 1
github.com/turtacn/hci-vcls/pkg/cache/manager_impl.go:150.18,152.3 1 0
github.com/turtacn/hci-vcls/pkg/cache/manager_impl.go:155.2,156.16 2 1
github.com/turtacn/hci-vcls/pkg/cache/manager_impl.go:156.16,158.3 1 0
github.com/turtacn/hci-vcls/pkg/cache/manager_impl.go:159.2,159.18 1 1
github.com/turtacn/hci-vcls/pkg/cache/manager_impl.go:159.18,161.3 1 0
github.com/turtacn/hci-vcls/pkg/cache/manager_impl.go:163.2,163.12 1 1
github.com/turtacn/hci-vcls/pkg/cache/manager_impl.go:166.47,170.2 3 1
github.com/turtacn/hci-vcls/pkg/cache/network.go:24.60,26.16 2 1
github.com/turtacn/hci-vcls/pkg/cache/network.go:26.16,28.3 1 0
github.com/turtacn/hci-vcls/pkg/cache/network.go:29.2,29.49 1 1
github.com/turtacn/hci-vcls/pkg/cache/network.go:32.69,35.16 3 1
github.com/turtacn/hci-vcls/pkg/cache/network.go:35.16,36.25 1 1
github.com/turtacn/hci-vcls/pkg/cache/network.go:36.25,38.4 1 1
github.com/turtacn/hci-vcls/pkg/cache/network.go:39.3,39.18 1 0
github.com/turtacn/hci-vcls/pkg/cache/network.go:42.2,43.52 2 1
github.com/turtacn/hci-vcls/pkg/cache/network.go:43.52,45.3 1 0
github.com/turtacn/hci-vcls/pkg/cache/network.go:46.2,46.19 1 1
github.com/turtacn/hci-vcls/pkg/cache/network.go:49.71,51.16 2 1
github.com/turtacn/hci-vcls/pkg/cache/network.go:51.16,53.3 1 0
github.com/turtacn/hci-vcls/pkg/cache/network.go:54.2,58.16 4 1
github.com/turtacn/hci-vcls/pkg/cache/network.go:58.16,60.3 1 0
github.com/turtacn/hci-vcls/pkg/cache/network.go:62.2,62.41 1 1
github.com/turtacn/hci-vcls/pkg/cache/network.go:62.41,66.3 3 0
github.com/turtacn/hci-vcls/pkg/cache/network.go:68.2,68.33 1 1
github.com/turtacn/hci-vcls/pkg/cache/network.go:68.33,72.3 3 0
github.com/turtacn/hci-vcls/pkg/cache/network.go:74.2,74.34 1 1
github.com/turtacn/hci-vcls/pkg/cache/network.go:74.34,77.3 2 0
github.com/turtacn/hci-vcls/pkg/cache/network.go:79.2,79.33 1 1
github.com/turtacn/hci-vcls/pkg/cache/network.go:82.54,85.39 3 1
github.com/turtacn/hci-vcls/pkg/cache/network.go:85.39,87.3 1 0
github.com/turtacn/hci-vcls/pkg/cache/network.go:88.2,88.12 1 1
github.com/turtacn/hci-vcls/pkg/cache/network.go:91.60,93.16 2 1
github.com/turtacn/hci-vcls/pkg/cache/network.go:93.16,95.3 1 0
github.com/turtacn/hci-vcls/pkg/cache/network.go:97.2,98.26 2 1
github.com/turtacn/hci-vcls/pkg/cache/network.go:98.26,99.17 1 1
github.com/turtacn/hci-vcls/pkg/cache/network.go:99.17,101.58 2 1
github.com/turtacn/hci-vcls/pkg/cache/network.go:101.58,104.34 3 1
github.com/turtacn/hci-vcls/pkg/cache/network.go:104.34,106.6 1 1
github.com/turtacn/hci-vcls/pkg/cache/network.go:110.2,110.19 1 1
github.com/turtacn/hci-vcls/pkg/cache/source.go:17.100,19.16 2 1
github.com/turtacn/hci-vcls/pkg/cache/source.go:19.16,21.3 1 1
github.com/turtacn/hci-vcls/pkg/cache/source.go:22.2,22.21 1 0
github.com/turtacn/hci-vcls/pkg/cache/source.go:22.21,24.3 1 0
github.com/turtacn/hci-vcls/pkg/cache/source.go:25.2,25.17 1 0
github.com/turtacn/hci-vcls/pkg/cache/source.go:28.100,30.16 2 1
github.com/turtacn/hci-vcls/pkg/cache/source.go:30.16,32.3 1 1
github.com/turtacn/hci-vcls/pkg/cache/source.go:33.2,33.21 1 0
github.com/turtacn/hci-vcls/pkg/cache/source.go:33.21,35.3 1 0
github.com/turtacn/hci-vcls/pkg/cache/source.go:36.2,36.17 1 0
github.com/turtacn/hci-vcls/pkg/cache/source.go:39.100,41.16 2 1
github.com/turtacn/hci-vcls/pkg/cache/source.go:41.16,43.3 1 1
github.com/turtacn/hci-vcls/pkg/cache/source.go:44.2,44.21 1 0
github.com/turtacn/hci-vcls/pkg/cache/source.go:44.21,46.3 1 0
github.com/turtacn/hci-vcls/pkg/cache/source.go:47.2,47.17 1 0
github.com/turtacn/hci-vcls/pkg/cache/source.go:50.90,52.16 2 1
github.com/turtacn/hci-vcls/pkg/cache/source.go:52.16,54.3 1 1
github.com/turtacn/hci-vcls/pkg/cache/source.go:55.2,55.21 1 0
github.com/turtacn/hci-vcls/pkg/cache/source.go:55.21,57.3 1 0
github.com/turtacn/hci-vcls/pkg/cache/source.go:58.2,58.17 1 0
github.com/turtacn/hci-vcls/pkg/cache/source.go:69.51,72.2 1 1
github.com/turtacn/hci-vcls/pkg/cache/storage.go:24.60,26.16 2 1
github.com/turtacn/hci-vcls/pkg/cache/storage.go:26.16,28.3 1 0
github.com/turtacn/hci-vcls/pkg/cache/storage.go:29.2,29.49 1 1
github.com/turtacn/hci-vcls/pkg/cache/storage.go:32.69,35.16 3 1
github.com/turtacn/hci-vcls/pkg/cache/storage.go:35.16,36.25 1 1
github.com/turtacn/hci-vcls/pkg/cache/storage.go:36.25,38.4 1 1
github.com/turtacn/hci-vcls/pkg/cache/storage.go:39.3,39.18 1 0
github.com/turtacn/hci-vcls/pkg/cache/storage.go:42.2,43.52 2 1
github.com/turtacn/hci-vcls/pkg/cache/storage.go:43.52,45.3 1 0
github.com/turtacn/hci-vcls/pkg/cache/storage.go:46.2,46.19 1 1
github.com/turtacn/hci-vcls/pkg/cache/storage.go:49.71,51.16 2 1
github.com/turtacn/hci-vcls/pkg/cache/storage.go:51.16,53.3 1 0
github.com/turtacn/hci-vcls/pkg/cache/storage.go:54.2,58.16 4 1
github.com/turtacn/hci-vcls/pkg/cache/storage.go:58.16,60.3 1 0
github.com/turtacn/hci-vcls/pkg/cache/storage.go:62.2,62.41 1 1
github.com/turtacn/hci-vcls/pkg/cache/storage.go:62.41,66.3 3 0
github.com/turtacn/hci-vcls/pkg/cache/storage.go:68.2,68.33 1 1
github.com/turtacn/hci-vcls/pkg/cache/storage.go:68.33,72.3 3 0
github.com/turtacn/hci-vcls/pkg/cache/storage.go:74.2,74.34 1 1
github.com/turtacn/hci-vcls/pkg/cache/storage.go:74.34,77.3 2 0
github.com/turtacn/hci-vcls/pkg/cache/storage.go:79.2,79.33 1 1
github.com/turtacn/hci-vcls/pkg/cache/storage.go:82.54,85.39 3 1
github.com/turtacn/hci-vcls/pkg/cache/storage.go:85.39,87.3 1 0
github.com/turtacn/hci-vcls/pkg/cache/storage.go:88.2,88.12 1 1
github.com/turtacn/hci-vcls/pkg/cache/storage.go:91.60,93.16 2 1
github.com/turtacn/hci-vcls/pkg/cache/storage.go:93.16,95.3 1 0
github.com/turtacn/hci-vcls/pkg/cache/storage.go:97.2,98.26 2 1
github.com/turtacn/hci-vcls/pkg/cache/storage.go:98.26,99.17 1 1
github.com/turtacn/hci-vcls/pkg/cache/storage.go:99.17,101.64 2 1
github.com/turtacn/hci-vcls/pkg/cache/storage.go:101.64,104.34 3 1
github.com/turtacn/hci-vcls/pkg/cache/storage.go:104.34,106.6 1 1
github.com/turtacn/hci-vcls/pkg/cache/storage.go:110.2,110.19 1 1
github.com/turtacn/hci-vcls/pkg/cache/sync_loop.go:8.39,9.34 1 1
github.com/turtacn/hci-vcls/pkg/cache/sync_loop.go:9.34,11.3 1 1
github.com/turtacn/hci-vcls/pkg/cache/sync_loop.go:13.2,19.6 4 1
github.com/turtacn/hci-vcls/pkg/cache/sync_loop.go:19.6,20.10 1 1
github.com/turtacn/hci-vcls/pkg/cache/sync_loop.go:21.23,22.20 1 1
github.com/turtacn/hci-vcls/pkg/cache/sync_loop.go:22.20,24.5 1 1
github.com/turtacn/hci-vcls/pkg/cache/sync_loop.go:25.4,25.10 1 1
github.com/turtacn/hci-vcls/pkg/cache/sync_loop.go:26.19,27.18 1 1
github.com/turtacn/hci-vcls/pkg/cache/sync_loop.go:33.41,40.33 2 1
github.com/turtacn/hci-vcls/pkg/cache/sync_loop.go:40.33,45.17 3 1
github.com/turtacn/hci-vcls/pkg/cache/sync_loop.go:45.17,47.20 2 1
github.com/turtacn/hci-vcls/pkg/cache/sync_loop.go:47.20,49.5 1 1
github.com/turtacn/hci-vcls/pkg/cache/sync_loop.go:50.9,52.4 1 1
github.com/turtacn/hci-vcls/pkg/cache/sync_loop.go:53.3,53.16 1 1
github.com/turtacn/hci-vcls/pkg/cache/sync_loop.go:57.52,67.33 4 1
github.com/turtacn/hci-vcls/pkg/cache/sync_loop.go:67.33,69.3 1 1
github.com/turtacn/hci-vcls/pkg/cache/sync_loop.go:71.2,71.12 1 1
github.com/turtacn/hci-vcls/pkg/cache/sync_loop.go:75.49,78.25 3 1
github.com/turtacn/hci-vcls/pkg/cache/sync_loop.go:78.25,80.3 1 0
github.com/turtacn/hci-vcls/pkg/cache/sync_loop.go:81.2,81.27 1 1
github.com/turtacn/hci-vcls/pkg/cache/sync_loop.go:85.51,88.25 3 0
github.com/turtacn/hci-vcls/pkg/cache/sync_loop.go:88.25,90.3 1 0
github.com/turtacn/hci-vcls/pkg/cache/types.go:48.40,49.16 1 1
github.com/turtacn/hci-vcls/pkg/cache/types.go:49.16,51.3 1 1
github.com/turtacn/hci-vcls/pkg/cache/types.go:52.2,52.40 1 1
github.com/turtacn/hci-vcls/pkg/ha/errors.go:31.36,32.18 1 0
github.com/turtacn/hci-vcls/pkg/ha/errors.go:32.18,34.3 1 0
github.com/turtacn/hci-vcls/pkg/ha/errors.go:35.2,35.58 1 0
github.com/turtacn/hci-vcls/pkg/ha/errors.go:38.36,40.2 1 0
github.com/turtacn/hci-vcls/pkg/ha/executor.go:30.214,41.2 1 1
github.com/turtacn/hci-vcls/pkg/ha/executor.go:43.50,45.2 1 1
github.com/turtacn/hci-vcls/pkg/ha/executor.go:47.58,49.2 1 0
github.com/turtacn/hci-vcls/pkg/ha/executor.go:51.46,53.2 1 1
github.com/turtacn/hci-vcls/pkg/ha/executor.go:56.97,58.2 1 0
github.com/turtacn/hci-vcls/pkg/ha/executor.go:60.89,62.2 1 1
github.com/turtacn/hci-vcls/pkg/ha/executor.go:64.126,65.41 1 1
github.com/turtacn/hci-vcls/pkg/ha/executor.go:65.41,67.3 1 1
github.com/turtacn/hci-vcls/pkg/ha/executor.go:69.2,69.33 1 1
github.com/turtacn/hci-vcls/pkg/ha/executor.go:69.33,71.3 1 1
github.com/turtacn/hci-vcls/pkg/ha/executor.go:73.2,75.68 2 1
github.com/turtacn/hci-vcls/pkg/ha/executor.go:75.68,77.3 1 1
github.com/turtacn/hci-vcls/pkg/ha/executor.go:79.2,80.15 2 1
github.com/turtacn/hci-vcls/pkg/ha/executor.go:80.15,81.23 1 1
github.com/turtacn/hci-vcls/pkg/ha/executor.go:81.23,83.4 1 1
github.com/turtacn/hci-vcls/pkg/ha/executor.go:86.2,89.42 3 1
github.com/turtacn/hci-vcls/pkg/ha/executor.go:89.42,91.34 2 1
github.com/turtacn/hci-vcls/pkg/ha/executor.go:91.34,92.12 1 0
github.com/turtacn/hci-vcls/pkg/ha/executor.go:95.3,95.10 1 1
github.com/turtacn/hci-vcls/pkg/ha/executor.go:96.21,97.20 1 1
github.com/turtacn/hci-vcls/pkg/ha/executor.go:97.20,99.5 1 1
github.com/turtacn/hci-vcls/pkg/ha/executor.go:100.4,100.28 1 1
github.com/turtacn/hci-vcls/pkg/ha/executor.go:101.11,101.11 0 1
github.com/turtacn/hci-vcls/pkg/ha/executor.go:104.3,105.22 2 1
github.com/turtacn/hci-vcls/pkg/ha/executor.go:105.22,107.18 2 1
github.com/turtacn/hci-vcls/pkg/ha/executor.go:107.18,109.5 1 1
github.com/turtacn/hci-vcls/pkg/ha/executor.go:112.3,112.28 1 1
github.com/turtacn/hci-vcls/pkg/ha/executor.go:112.28,113.11 1 0
github.com/turtacn/hci-vcls/pkg/ha/executor.go:114.22,115.21 1 0
github.com/turtacn/hci-vcls/pkg/ha/executor.go:115.21,117.6 1 0
github.com/turtacn/hci-vcls/pkg/ha/executor.go:118.5,118.29 1 0
github.com/turtacn/hci-vcls/pkg/ha/executor.go:119.39,119.39 0 0
github.com/turtacn/hci-vcls/pkg/ha/executor.go:124.2,124.16 1 1
github.com/turtacn/hci-vcls/pkg/ha/executor.go:124.16,126.3 1 1
github.com/turtacn/hci-vcls/pkg/ha/executor.go:128.2,128.12 1 1
github.com/turtacn/hci-vcls/pkg/ha/executor.go:131.59,133.27 2 1
github.com/turtacn/hci-vcls/pkg/ha/executor.go:133.27,135.3 1 0
github.com/turtacn/hci-vcls/pkg/ha/executor.go:135.8,135.35 1 1
github.com/turtacn/hci-vcls/pkg/ha/executor.go:135.35,137.3 1 1
github.com/turtacn/hci-vcls/pkg/ha/executor.go:138.2,138.21 1 1
github.com/turtacn/hci-vcls/pkg/ha/executor.go:141.78,142.25 1 1
github.com/turtacn/hci-vcls/pkg/ha/executor.go:142.25,143.19 1 1
github.com/turtacn/hci-vcls/pkg/ha/executor.go:143.19,145.4 1 1
github.com/turtacn/hci-vcls/pkg/ha/executor.go:146.3,146.28 1 1
github.com/turtacn/hci-vcls/pkg/ha/executor.go:148.2,148.12 1 1
github.com/turtacn/hci-vcls/pkg/ha/executor.go:151.71,153.31 2 1
github.com/turtacn/hci-vcls/pkg/ha/executor.go:153.31,154.30 1 1
github.com/turtacn/hci-vcls/pkg/ha/executor.go:154.30,155.12 1 1
github.com/turtacn/hci-vcls/pkg/ha/executor.go:157.3,157.53 1 1
github.com/turtacn/hci-vcls/pkg/ha/executor.go:159.2,159.16 1 1
github.com/turtacn/hci-vcls/pkg/ha/executor.go:162.160,166.34 2 1
github.com/turtacn/hci-vcls/pkg/ha/executor.go:166.34,170.18 3 1
github.com/turtacn/hci-vcls/pkg/ha/executor.go:170.18,171.20 1 1
github.com/turtacn/hci-vcls/pkg/ha/executor.go:171.20,173.5 1 1
github.com/turtacn/hci-vcls/pkg/ha/executor.go:174.4,178.24 4 1
github.com/turtacn/hci-vcls/pkg/ha/executor.go:178.24,180.5 1 1
github.com/turtacn/hci-vcls/pkg/ha/executor.go:181.4,181.26 1 1
github.com/turtacn/hci-vcls/pkg/ha/executor.go:181.26,183.5 1 1
github.com/turtacn/hci-vcls/pkg/ha/executor.go:185.4,185.30 1 1
github.com/turtacn/hci-vcls/pkg/ha/executor.go:185.30,186.36 1 1
github.com/turtacn/hci-vcls/pkg/ha/executor.go:186.36,188.6 1 1
github.com/turtacn/hci-vcls/pkg/ha/executor.go:190.4,190.25 1 1
github.com/turtacn/hci-vcls/pkg/ha/executor.go:190.25,192.5 1 0
github.com/turtacn/hci-vcls/pkg/ha/executor.go:193.4,193.12 1 1
github.com/turtacn/hci-vcls/pkg/ha/executor.go:197.3,198.22 2 1
github.com/turtacn/hci-vcls/pkg/ha/executor.go:198.22,200.30 2 1
github.com/turtacn/hci-vcls/pkg/ha/executor.go:200.30,201.36 1 1
github.com/turtacn/hci-vcls/pkg/ha/executor.go:201.36,203.6 1 1
github.com/turtacn/hci-vcls/pkg/ha/executor.go:205.4,205.12 1 1
github.com/turtacn/hci-vcls/pkg/ha/executor.go:209.3,210.37 2 1
github.com/turtacn/hci-vcls/pkg/ha/executor.go:210.37,212.4 1 1
github.com/turtacn/hci-vcls/pkg/ha/executor.go:215.3,219.25 3 1
github.com/turtacn/hci-vcls/pkg/ha/executor.go:219.25,221.4 1 1
github.com/turtacn/hci-vcls/pkg/ha/executor.go:223.3,223.29 1 1
github.com/turtacn/hci-vcls/pkg/ha/executor.go:223.29,224.35 1 1
github.com/turtacn/hci-vcls/pkg/ha/executor.go:224.35,226.5 1 1
github.com/turtacn/hci-vcls/pkg/ha/executor.go:229.3,229.24 1 1
github.com/turtacn/hci-vcls/pkg/ha/executor.go:229.24,231.4 1 0
github.com/turtacn/hci-vcls/pkg/ha/executor.go:234.2,234.24 1 1
github.com/turtacn/hci-vcls/pkg/ha/executor.go:237.127,238.27 1 1
github.com/turtacn/hci-vcls/pkg/ha/executor.go:238.27,240.3 1 1
github.com/turtacn/hci-vcls/pkg/ha/executor.go:243.2,243.93 1 1
github.com/turtacn/hci-vcls/pkg/ha/executor.go:243.93,247.19 4 1
github.com/turtacn/hci-vcls/pkg/ha/executor.go:247.19,249.4 1 1
github.com/turtacn/hci-vcls/pkg/ha/executor.go:250.3,250.32 1 1
github.com/turtacn/hci-vcls/pkg/ha/executor.go:253.2,254.16 2 1
github.com/turtacn/hci-vcls/pkg/ha/executor.go:254.16,258.19 4 0
github.com/turtacn/hci-vcls/pkg/ha/executor.go:258.19,260.4 1 0
github.com/turtacn/hci-vcls/pkg/ha/executor.go:261.3,261.18 1 0
github.com/turtacn/hci-vcls/pkg/ha/executor.go:264.2,270.21 2 1
github.com/turtacn/hci-vcls/pkg/ha/executor.go:270.21,275.19 5 1
github.com/turtacn/hci-vcls/pkg/ha/executor.go:275.19,277.4 1 1
github.com/turtacn/hci-vcls/pkg/ha/executor.go:278.3,278.23 1 1
github.com/turtacn/hci-vcls/pkg/ha/executor.go:281.2,281.16 1 1
github.com/turtacn/hci-vcls/pkg/ha/executor.go:284.104,285.57 1 1
github.com/turtacn/hci-vcls/pkg/ha/executor.go:285.57,288.3 2 1
github.com/turtacn/hci-vcls/pkg/ha/executor.go:289.2,289.17 1 1
github.com/turtacn/hci-vcls/pkg/ha/executor.go:292.100,295.2 2 1
github.com/turtacn/hci-vcls/pkg/ha/executor.go:297.147,299.21 2 1
github.com/turtacn/hci-vcls/pkg/ha/executor.go:299.21,301.3 1 1
github.com/turtacn/hci-vcls/pkg/ha/executor.go:303.2,304.21 2 1
github.com/turtacn/hci-vcls/pkg/ha/executor.go:304.21,305.41 1 1
github.com/turtacn/hci-vcls/pkg/ha/executor.go:305.41,307.4 1 1
github.com/turtacn/hci-vcls/pkg/ha/executor.go:307.9,309.4 1 1
github.com/turtacn/hci-vcls/pkg/ha/executor.go:310.8,312.3 1 1
github.com/turtacn/hci-vcls/pkg/ha/executor.go:314.2,314.24 1 1
github.com/turtacn/hci-vcls/pkg/ha/executor.go:314.24,316.32 2 0
github.com/turtacn/hci-vcls/pkg/ha/executor.go:316.32,318.4 1 0
github.com/turtacn/hci-vcls/pkg/ha/executor.go:319.3,319.181 1 0
github.com/turtacn/hci-vcls/pkg/ha/executor.go:322.2,322.15 1 1
github.com/turtacn/hci-vcls/pkg/ha/executor.go:325.104,328.15 3 1
github.com/turtacn/hci-vcls/pkg/ha/executor.go:328.15,330.3 1 1
github.com/turtacn/hci-vcls/pkg/ha/executor.go:332.2,334.22 2 1
github.com/turtacn/hci-vcls/pkg/ha/executor.go:334.22,336.3 1 0
github.com/turtacn/hci-vcls/pkg/ha/executor.go:338.2,338.12 1 1
github.com/turtacn/hci-vcls/pkg/ha/executor.go:341.118,345.18 4 1
github.com/turtacn/hci-vcls/pkg/ha/executor.go:345.18,347.3 1 1
github.com/turtacn/hci-vcls/pkg/ha/executor.go:348.2,348.15 1 1
github.com/turtacn/hci-vcls/pkg/ha/executor.go:348.15,349.43 1 1
github.com/turtacn/hci-vcls/pkg/ha/executor.go:349.43,350.20 1 1
github.com/turtacn/hci-vcls/pkg/ha/executor.go:350.20,354.5 1 1
github.com/turtacn/hci-vcls/pkg/ha/executor.go:355.4,355.24 1 1
github.com/turtacn/hci-vcls/pkg/ha/executor.go:355.24,357.5 1 0
github.com/turtacn/hci-vcls/pkg/ha/executor.go:358.9,359.20 1 1
github.com/turtacn/hci-vcls/pkg/ha/executor.go:359.20,362.5 1 1
github.com/turtacn/hci-vcls/pkg/ha/executor.go:366.2,368.22 2 1
github.com/turtacn/hci-vcls/pkg/ha/executor.go:368.22,370.3 1 0
github.com/turtacn/hci-vcls/pkg/ha/executor.go:372.2,372.17 1 1
github.com/turtacn/hci-vcls/pkg/ha/executor.go:375.107,378.18 3 1
github.com/turtacn/hci-vcls/pkg/ha/executor.go:378.18,380.3 1 1
github.com/turtacn/hci-vcls/pkg/ha/executor.go:381.2,381.15 1 1
github.com/turtacn/hci-vcls/pkg/ha/executor.go:381.15,383.3 1 1
github.com/turtacn/hci-vcls/pkg/ha/executor.go:385.2,387.22 2 1
github.com/turtacn/hci-vcls/pkg/ha/executor.go:387.22,389.3 1 0
github.com/turtacn/hci-vcls/pkg/ha/executor.go:391.2,391.12 1 1
github.com/turtacn/hci-vcls/pkg/ha/executor.go:394.96,395.23 1 1
github.com/turtacn/hci-vcls/pkg/ha/executor.go:395.23,397.3 1 1
github.com/turtacn/hci-vcls/pkg/ha/executor.go:400.2,401.16 2 0
[...]
github.com/turtacn/hci-vcls/pkg/qm/adapter_impl.go:54.82,60.16 5 1
github.com/turtacn/hci-vcls/pkg/qm/adapter_impl.go:60.16,62.3 1 1
github.com/turtacn/hci-vcls/pkg/qm/adapter_impl.go:64.2,65.49 2 0
github.com/turtacn/hci-vcls/pkg/qm/adapter_impl.go:65.49,67.3 1 0
github.com/turtacn/hci-vcls/pkg/qm/adapter_impl.go:68.2,68.49 1 0
github.com/turtacn/hci-vcls/pkg/qm/adapter_impl.go:68.49,70.3 1 0
github.com/turtacn/hci-vcls/pkg/qm/adapter_impl.go:72.2,72.29 1 0
github.com/turtacn/hci-vcls/pkg/qm/adapter_impl.go:75.86,81.2 4 1
github.com/turtacn/hci-vcls/pkg/qm/adapter_impl.go:83.68,89.2 4 1
github.com/turtacn/hci-vcls/pkg/qm/adapter_impl.go:91.70,96.2 4 1
github.com/turtacn/hci-vcls/pkg/qm/client.go:27.79,33.2 1 1
github.com/turtacn/hci-vcls/pkg/qm/client.go:35.114,59.2 9 1
github.com/turtacn/hci-vcls/pkg/qm/client.go:61.91,81.2 9 1
github.com/turtacn/hci-vcls/pkg/qm/client.go:83.83,87.13 4 1
github.com/turtacn/hci-vcls/pkg/qm/client.go:87.13,89.3 1 0
github.com/turtacn/hci-vcls/pkg/qm/client.go:92.2,93.20 2 1
github.com/turtacn/hci-vcls/pkg/qm/client.go:96.107,99.6 2 1
github.com/turtacn/hci-vcls/pkg/qm/client.go:99.6,100.33 1 1
github.com/turtacn/hci-vcls/pkg/qm/client.go:100.33,102.4 1 0
github.com/turtacn/hci-vcls/pkg/qm/client.go:104.3,104.10 1 1
github.com/turtacn/hci-vcls/pkg/qm/client.go:105.21,106.25 1 0
github.com/turtacn/hci-vcls/pkg/qm/client.go:107.44,109.18 2 1
github.com/turtacn/hci-vcls/pkg/qm/client.go:109.18,111.5 1 0
github.com/turtacn/hci-vcls/pkg/qm/client.go:112.4,112.60 1 1
github.com/turtacn/hci-vcls/pkg/qm/client.go:112.60,114.5 1 1
github.com/turtacn/hci-vcls/pkg/qm/client.go:119.61,126.13 5 1
github.com/turtacn/hci-vcls/pkg/qm/client.go:126.13,128.3 1 0
github.com/turtacn/hci-vcls/pkg/qm/client.go:131.2,137.37 4 1
github.com/turtacn/hci-vcls/pkg/qm/client.go:137.37,139.3 1 1
github.com/turtacn/hci-vcls/pkg/qm/client.go:139.8,141.3 1 1
github.com/turtacn/hci-vcls/pkg/qm/client.go:142.2,142.29 1 1
github.com/turtacn/hci-vcls/pkg/qm/errors.go:11.34,12.18 1 1
github.com/turtacn/hci-vcls/pkg/qm/errors.go:12.18,14.3 1 0
github.com/turtacn/hci-vcls/pkg/qm/errors.go:15.2,15.58 1 1
github.com/turtacn/hci-vcls/pkg/qm/errors.go:18.34,20.2 1 1
github.com/turtacn/hci-vcls/pkg/qm/executor_impl.go:14.44,16.2 1 1
github.com/turtacn/hci-vcls/pkg/qm/executor_impl.go:18.93,25.16 5 1
github.com/turtacn/hci-vcls/pkg/qm/executor_impl.go:25.16,27.3 1 0
github.com/turtacn/hci-vcls/pkg/qm/executor_impl.go:28.2,28.46 1 1
github.com/turtacn/hci-vcls/pkg/qm/executor_impl.go:31.83,34.2 1 1
github.com/turtacn/hci-vcls/pkg/qm/executor_impl.go:36.87,39.2 1 1
github.com/turtacn/hci-vcls/pkg/qm/executor_impl.go:41.69,43.2 1 1
github.com/turtacn/hci-vcls/pkg/qm/executor_impl.go:45.71,47.2 1 1
github.com/turtacn/hci-vcls/pkg/qm/mock_executor.go:13.93,14.24 1 1
github.com/turtacn/hci-vcls/pkg/qm/mock_executor.go:14.24,16.3 1 1
github.com/turtacn/hci-vcls/pkg/qm/mock_executor.go:17.2,17.34 1 1
github.com/turtacn/hci-vcls/pkg/qm/mock_executor.go:20.83,21.25 1 1
github.com/turtacn/hci-vcls/pkg/qm/mock_executor.go:21.25,23.3 1 1
github.com/turtacn/hci-vcls/pkg/qm/mock_executor.go:24.2,24.29 1 1
github.com/turtacn/hci-vcls/pkg/qm/mock_executor.go:27.87,28.23 1 1
github.com/turtacn/hci-vcls/pkg/qm/mock_executor.go:28.23,30.3 1 1
github.com/turtacn/hci-vcls/pkg/qm/mock_executor.go:31.2,31.12 1 1
github.com/turtacn/hci-vcls/pkg/qm/mock_executor.go:34.69,35.23 1 1
github.com/turtacn/hci-vcls/pkg/qm/mock_executor.go:35.23,37.3 1 1
github.com/turtacn/hci-vcls/pkg/qm/mock_executor.go:38.2,38.12 1 1
github.com/turtacn/hci-vcls/pkg/qm/mock_executor.go:41.71,42.25 1 1
github.com/turtacn/hci-vcls/pkg/qm/mock_executor.go:42.25,44.3 1 1
github.com/turtacn/hci-vcls/pkg/qm/mock_executor.go:45.2,45.12 1 1
github.com/turtacn/hci-vcls/pkg/storage/dir.go:12.49,14.2 1 1
github.com/turtacn/hci-vcls/pkg/storage/dir.go:16.41,18.2 1 1
github.com/turtacn/hci-vcls/pkg/storage/dir.go:20.91,22.16 2 1
github.com/turtacn/hci-vcls/pkg/storage/dir.go:22.16,23.25 1 1
github.com/turtacn/hci-vcls/pkg/storage/dir.go:23.25,29.4 1 1
github.com/turtacn/hci-vcls/pkg/storage/dir.go:30.3,30.18 1 0
github.com/turtacn/hci-vcls/pkg/storage/dir.go:33.2,37.8 1 1
github.com/turtacn/hci-vcls/pkg/storage/dir.go:40.103,42.16 2 1
github.com/turtacn/hci-vcls/pkg/storage/dir.go:42.16,44.3 1 0
github.com/turtacn/hci-vcls/pkg/storage/dir.go:45.2,45.30 1 1
github.com/turtacn/hci-vcls/pkg/storage/dir.go:48.88,50.2 1 1
github.com/turtacn/hci-vcls/pkg/storage/dir.go:52.90,54.2 1 1
github.com/turtacn/hci-vcls/pkg/storage/registry.go:20.29,24.2 1 1
github.com/turtacn/hci-vcls/pkg/storage/registry.go:26.58,30.2 3 1
github.com/turtacn/hci-vcls/pkg/storage/registry.go:32.68,35.32 3 1
github.com/turtacn/hci-vcls/pkg/storage/registry.go:35.32,37.3 1 1
github.com/turtacn/hci-vcls/pkg/storage/registry.go:38.2,38.61 1 1
github.com/turtacn/hci-vcls/pkg/storage/registry.go:41.98,46.31 4 1
github.com/turtacn/hci-vcls/pkg/storage/registry.go:46.31,48.17 2 1
github.com/turtacn/hci-vcls/pkg/storage/registry.go:48.17,50.4 1 1
github.com/turtacn/hci-vcls/pkg/storage/registry.go:52.2,52.22 1 1
github.com/turtacn/hci-vcls/pkg/statemachine/errors.go:11.42,12.18 1 0
github.com/turtacn/hci-vcls/pkg/statemachine/errors.go:12.18,14.3 1 0
github.com/turtacn/hci-vcls/pkg/statemachine/errors.go:15.2,15.68 1 0
github.com/turtacn/hci-vcls/pkg/statemachine/errors.go:18.42,20.2 1 0
github.com/turtacn/hci-vcls/pkg/statemachine/statemachine.go:29.44,36.2 1 1
github.com/turtacn/hci-vcls/pkg/statemachine/statemachine.go:39.60,41.2 1 1
github.com/turtacn/hci-vcls/pkg/statemachine/statemachine.go:43.77,45.15 2 1
github.com/turtacn/hci-vcls/pkg/statemachine/statemachine.go:45.15,46.23 1 1
github.com/turtacn/hci-vcls/pkg/statemachine/statemachine.go:46.23,48.4 1 1
github.com/turtacn/hci-vcls/pkg/statemachine/statemachine.go:51.2,51.55 1 1
github.com/turtacn/hci-vcls/pkg/statemachine/statemachine.go:51.55,53.44 2 1
github.com/turtacn/hci-vcls/pkg/statemachine/statemachine.go:53.44,55.4 1 1
github.com/turtacn/hci-vcls/pkg/statemachine/statemachine.go:56.3,57.45 2 1
github.com/turtacn/hci-vcls/pkg/statemachine/statemachine.go:57.45,59.4 1 1
github.com/turtacn/hci-vcls/pkg/statemachine/statemachine.go:60.3,61.47 2 1
github.com/turtacn/hci-vcls/pkg/statemachine/statemachine.go:61.47,63.4 1 1
github.com/turtacn/hci-vcls/pkg/statemachine/statemachine.go:64.3,65.62 2 1
github.com/turtacn/hci-vcls/pkg/statemachine/statemachine.go:65.62,67.4 1 1
github.com/turtacn/hci-vcls/pkg/statemachine/statemachine.go:69.3,78.39 5 1
github.com/turtacn/hci-vcls/pkg/statemachine/statemachine.go:81.2,82.9 2 1
github.com/turtacn/hci-vcls/pkg/statemachine/statemachine.go:82.9,84.3 1 1
github.com/turtacn/hci-vcls/pkg/statemachine/statemachine.go:85.2,89.38 5 1
github.com/turtacn/hci-vcls/pkg/statemachine/statemachine.go:92.45,96.2 3 1
github.com/turtacn/hci-vcls/pkg/statemachine/statemachine.go:99.78,100.17 1 1
github.com/turtacn/hci-vcls/pkg/statemachine/statemachine.go:101.17,102.38 1 1
github.com/turtacn/hci-vcls/pkg/statemachine/statemachine.go:102.38,104.4 1 1
github.com/turtacn/hci-vcls/pkg/statemachine/statemachine.go:105.19,106.71 1 1
github.com/turtacn/hci-vcls/pkg/statemachine/statemachine.go:106.71,108.4 1 1
github.com/turtacn/hci-vcls/pkg/statemachine/statemachine.go:109.21,110.38 1 1
github.com/turtacn/hci-vcls/pkg/statemachine/statemachine.go:110.38,112.4 1 1
github.com/turtacn/hci-vcls/pkg/statemachine/statemachine.go:113.3,113.38 1 1
github.com/turtacn/hci-vcls/pkg/statemachine/statemachine.go:113.38,115.4 1 1
github.com/turtacn/hci-vcls/pkg/statemachine/statemachine.go:116.23,117.38 1 1
github.com/turtacn/hci-vcls/pkg/statemachine/statemachine.go:117.38,119.4 1 1
github.com/turtacn/hci-vcls/pkg/statemachine/statemachine.go:120.3,120.38 1 0
github.com/turtacn/hci-vcls/pkg/statemachine/statemachine.go:120.38,122.4 1 0
github.com/turtacn/hci-vcls/pkg/statemachine/statemachine.go:123.21,124.38 1 1
github.com/turtacn/hci-vcls/pkg/statemachine/statemachine.go:124.38,126.4 1 1
github.com/turtacn/hci-vcls/pkg/statemachine/statemachine.go:127.22,128.38 1 1
github.com/turtacn/hci-vcls/pkg/statemachine/statemachine.go:128.38,130.4 1 1
github.com/turtacn/hci-vcls/pkg/statemachine/statemachine.go:132.2,132.23 1 1
github.com/turtacn/hci-vcls/pkg/statemachine/statemachine.go:135.53,140.12 4 1
github.com/turtacn/hci-vcls/pkg/statemachine/statemachine.go:140.12,142.3 1 1
github.com/turtacn/hci-vcls/pkg/statemachine/statemachine.go:144.2,153.22 4 1
github.com/turtacn/hci-vcls/pkg/statemachine/statemachine.go:153.22,156.3 2 1
github.com/turtacn/hci-vcls/pkg/statemachine/statemachine.go:158.2,158.12 1 1
github.com/turtacn/hci-vcls/pkg/statemachine/statemachine.go:161.39,165.2 3 1
github.com/turtacn/hci-vcls/pkg/statemachine/statemachine.go:167.55,172.2 4 1
github.com/turtacn/hci-vcls/pkg/statemachine/statemachine.go:174.51,180.2 5 1
github.com/turtacn/hci-vcls/pkg/statemachine/statemachine.go:184.55,185.47 1 1
github.com/turtacn/hci-vcls/pkg/statemachine/statemachine.go:185.47,187.3 1 1
github.com/turtacn/hci-vcls/pkg/statemachine/statemachine.go:189.2,193.19 4 1
github.com/turtacn/hci-vcls/pkg/statemachine/statemachine.go:193.19,195.3 1 1
github.com/turtacn/hci-vcls/pkg/statemachine/statemachine.go:197.2,197.18 1 1
github.com/turtacn/hci-vcls/pkg/statemachine/statemachine.go:197.18,199.3 1 1
github.com/turtacn/hci-vcls/pkg/statemachine/statemachine.go:201.2,201.27 1 1
github.com/turtacn/hci-vcls/pkg/statemachine/statemachine.go:201.27,203.3 1 1
github.com/turtacn/hci-vcls/pkg/statemachine/statemachine.go:205.2,205.71 1 1
github.com/turtacn/hci-vcls/pkg/statemachine/statemachine.go:209.63,210.15 1 1
github.com/turtacn/hci-vcls/pkg/statemachine/statemachine.go:211.27,212.44 1 1
github.com/turtacn/hci-vcls/pkg/statemachine/statemachine.go:213.28,215.46 1 1
github.com/turtacn/hci-vcls/pkg/statemachine/statemachine.go:216.28,218.67 1 1
github.com/turtacn/hci-vcls/pkg/statemachine/statemachine.go:219.31,220.40 1 1
github.com/turtacn/hci-vcls/pkg/statemachine/statemachine.go:221.10,222.40 1 1
github.com/turtacn/hci-vcls/pkg/vcls/errors.go:11.42,12.18 1 0
github.com/turtacn/hci-vcls/pkg/vcls/errors.go:12.18,14.3 1 0
github.com/turtacn/hci-vcls/pkg/vcls/errors.go:15.2,15.60 1 0
github.com/turtacn/hci-vcls/pkg/vcls/errors.go:18.42,20.2 1 0
github.com/turtacn/hci-vcls/pkg/vcls/store.go:15.36,19.2 1 1
github.com/turtacn/hci-vcls/pkg/vcls/store.go:21.35,25.2 3 1
github.com/turtacn/hci-vcls/pkg/vcls/store.go:27.52,31.9 4 1
github.com/turtacn/hci-vcls/pkg/vcls/store.go:31.9,33.3 1 1
github.com/turtacn/hci-vcls/pkg/vcls/store.go:34.2,35.22 2 1
github.com/turtacn/hci-vcls/pkg/vcls/store.go:38.52,42.27 4 1
github.com/turtacn/hci-vcls/pkg/vcls/store.go:42.27,43.32 1 1
github.com/turtacn/hci-vcls/pkg/vcls/store.go:43.32,46.4 2 1
github.com/turtacn/hci-vcls/pkg/vcls/store.go:48.2,48.15 1 1
github.com/turtacn/hci-vcls/pkg/vcls/store.go:51.60,55.27 4 1
github.com/turtacn/hci-vcls/pkg/vcls/store.go:55.27,56.52 1 1
github.com/turtacn/hci-vcls/pkg/vcls/store.go:56.52,59.4 2 1
github.com/turtacn/hci-vcls/pkg/vcls/store.go:61.2,61.15 1 1
github.com/turtacn/hci-vcls/pkg/vcls/store.go:64.55,71.27 5 1
github.com/turtacn/hci-vcls/pkg/vcls/store.go:71.27,72.32 1 1
github.com/turtacn/hci-vcls/pkg/vcls/store.go:72.32,73.12 1 1
github.com/turtacn/hci-vcls/pkg/vcls/store.go:75.3,76.19 2 1
github.com/turtacn/hci-vcls/pkg/vcls/store.go:76.19,78.4 1 1
github.com/turtacn/hci-vcls/pkg/vcls/store.go:79.3,79.23 1 1
github.com/turtacn/hci-vcls/pkg/vcls/store.go:79.23,81.4 1 1
github.com/turtacn/hci-vcls/pkg/vcls/store.go:82.3,82.39 1 1
github.com/turtacn/hci-vcls/pkg/vcls/store.go:82.39,84.4 1 1
github.com/turtacn/hci-vcls/pkg/vcls/store.go:87.2,93.3 1 1
github.com/turtacn/hci-vcls/pkg/vcls/vcls.go:39.11,43.2 3 1
github.com/turtacn/hci-vcls/pkg/vcls/vcls.go:45.200,56.2 1 1
github.com/turtacn/hci-vcls/pkg/vcls/vcls.go:58.76,61.20 2 1
github.com/turtacn/hci-vcls/pkg/vcls/vcls.go:61.20,62.41 1 1
github.com/turtacn/hci-vcls/pkg/vcls/vcls.go:62.41,64.4 1 1
github.com/turtacn/hci-vcls/pkg/vcls/vcls.go:68.2,69.16 2 1
github.com/turtacn/hci-vcls/pkg/vcls/vcls.go:69.16,71.3 1 0
github.com/turtacn/hci-vcls/pkg/vcls/vcls.go:74.2,75.16 2 1
github.com/turtacn/hci-vcls/pkg/vcls/vcls.go:75.16,77.3 1 0
github.com/turtacn/hci-vcls/pkg/vcls/vcls.go:79.2,80.34 2 1
github.com/turtacn/hci-vcls/pkg/vcls/vcls.go:80.34,82.3 1 1
github.com/turtacn/hci-vcls/pkg/vcls/vcls.go:85.2,86.28 2 1
github.com/turtacn/hci-vcls/pkg/vcls/vcls.go:86.28,88.3 1 1
github.com/turtacn/hci-vcls/pkg/vcls/vcls.go:90.2,91.22 2 1
github.com/turtacn/hci-vcls/pkg/vcls/vcls.go:91.22,93.3 1 1
github.com/turtacn/hci-vcls/pkg/vcls/vcls.go:96.2,97.23 2 1
github.com/turtacn/hci-vcls/pkg/vcls/vcls.go:97.23,99.3 1 1
github.com/turtacn/hci-vcls/pkg/vcls/vcls.go:101.2,105.31 3 1
github.com/turtacn/hci-vcls/pkg/vcls/vcls.go:105.31,117.24 2 1
github.com/turtacn/hci-vcls/pkg/vcls/vcls.go:117.24,118.42 1 1
github.com/turtacn/hci-vcls/pkg/vcls/vcls.go:118.42,120.5 1 1
github.com/turtacn/hci-vcls/pkg/vcls/vcls.go:123.3,123.24 1 1
github.com/turtacn/hci-vcls/pkg/vcls/vcls.go:123.24,125.41 2 1
github.com/turtacn/hci-vcls/pkg/vcls/vcls.go:125.41,127.5 1 1
github.com/turtacn/hci-vcls/pkg/vcls/vcls.go:131.3,136.48 3 1
github.com/turtacn/hci-vcls/pkg/vcls/vcls.go:136.48,138.4 1 0
github.com/turtacn/hci-vcls/pkg/vcls/vcls.go:140.3,140.23 1 1
github.com/turtacn/hci-vcls/pkg/vcls/vcls.go:140.23,142.4 1 1
github.com/turtacn/hci-vcls/pkg/vcls/vcls.go:145.3,147.28 2 1
github.com/turtacn/hci-vcls/pkg/vcls/vcls.go:147.28,148.20 1 1
github.com/turtacn/hci-vcls/pkg/vcls/vcls.go:148.20,150.5 1 1
github.com/turtacn/hci-vcls/pkg/vcls/vcls.go:150.10,152.5 1 1
github.com/turtacn/hci-vcls/pkg/vcls/vcls.go:156.2,156.22 1 1
github.com/turtacn/hci-vcls/pkg/vcls/vcls.go:156.22,158.3 1 1
github.com/turtacn/hci-vcls/pkg/vcls/vcls.go:161.2,161.20 1 1
github.com/turtacn/hci-vcls/pkg/vcls/vcls.go:161.20,163.3 1 1
github.com/turtacn/hci-vcls/pkg/vcls/vcls.go:165.2,165.18 1 1
github.com/turtacn/hci-vcls/pkg/vcls/vcls.go:165.18,167.3 1 1
github.com/turtacn/hci-vcls/pkg/vcls/vcls.go:168.2,168.12 1 1
github.com/turtacn/hci-vcls/pkg/vcls/vcls.go:171.76,173.9 2 1
github.com/turtacn/hci-vcls/pkg/vcls/vcls.go:173.9,175.3 1 0
github.com/turtacn/hci-vcls/pkg/vcls/vcls.go:176.2,176.16 1 1
github.com/turtacn/hci-vcls/pkg/vcls/vcls.go:179.91,181.45 2 1
github.com/turtacn/hci-vcls/pkg/vcls/vcls.go:181.45,182.19 1 1
github.com/turtacn/hci-vcls/pkg/vcls/vcls.go:182.19,184.4 1 1
github.com/turtacn/hci-vcls/pkg/vcls/vcls.go:186.2,186.20 1 1
github.com/turtacn/hci-vcls/pkg/vcls/vcls.go:189.90,191.2 1 1
github.com/turtacn/hci-vcls/pkg/witness/adapter_impl.go:14.69,16.2 1 1
github.com/turtacn/hci-vcls/pkg/witness/adapter_impl.go:18.86,23.2 2 1
github.com/turtacn/hci-vcls/pkg/witness/adapter_impl.go:25.53,29.2 1 1
github.com/turtacn/hci-vcls/pkg/witness/adapter_impl.go:31.75,33.46 2 1
github.com/turtacn/hci-vcls/pkg/witness/adapter_impl.go:33.46,35.3 1 1
github.com/turtacn/hci-vcls/pkg/witness/adapter_impl.go:36.2,36.17 1 1
github.com/turtacn/hci-vcls/pkg/witness/adapter_impl.go:44.75,46.2 1 1
github.com/turtacn/hci-vcls/pkg/witness/adapter_impl.go:48.65,50.33 1 1
github.com/turtacn/hci-vcls/pkg/witness/adapter_impl.go:50.33,52.3 1 1
github.com/turtacn/hci-vcls/pkg/witness/adapter_impl.go:53.2,53.22 1 1
github.com/turtacn/hci-vcls/pkg/witness/adapter_impl.go:56.105,58.2 1 1
github.com/turtacn/hci-vcls/pkg/witness/adapter_impl.go:60.37,62.2 1 0
github.com/turtacn/hci-vcls/pkg/witness/client.go:16.38,20.2 1 1
github.com/turtacn/hci-vcls/pkg/witness/client.go:23.77,32.2 3 1
github.com/turtacn/hci-vcls/pkg/witness/client.go:34.87,39.9 4 1
github.com/turtacn/hci-vcls/pkg/witness/client.go:39.9,46.3 1 1
github.com/turtacn/hci-vcls/pkg/witness/client.go:48.2,48.19 1 1
github.com/turtacn/hci-vcls/pkg/witness/client.go:51.106,53.29 2 1
github.com/turtacn/hci-vcls/pkg/witness/client.go:53.29,55.17 2 1
github.com/turtacn/hci-vcls/pkg/witness/client.go:55.17,57.4 1 0
github.com/turtacn/hci-vcls/pkg/witness/client.go:58.3,58.23 1 1
github.com/turtacn/hci-vcls/pkg/witness/client.go:60.2,60.20 1 1
github.com/turtacn/hci-vcls/pkg/witness/client.go:63.41,65.2 1 0
github.com/turtacn/hci-vcls/pkg/witness/client.go:67.93,70.2 1 0
github.com/turtacn/hci-vcls/pkg/zk/adapter_impl.go:15.70,17.16 2 1
github.com/turtacn/hci-vcls/pkg/zk/adapter_impl.go:17.16,19.3 1 0
github.com/turtacn/hci-vcls/pkg/zk/adapter_impl.go:20.2,20.48 1 1
github.com/turtacn/hci-vcls/pkg/zk/adapter_impl.go:23.41,25.33 2 1
github.com/turtacn/hci-vcls/pkg/zk/adapter_impl.go:25.33,27.3 1 0
github.com/turtacn/hci-vcls/pkg/zk/adapter_impl.go:28.2,28.56 1 1
github.com/turtacn/hci-vcls/pkg/zk/adapter_impl.go:31.45,34.2 1 1
github.com/turtacn/hci-vcls/pkg/zk/adapter_impl.go:36.39,38.16 2 1
github.com/turtacn/hci-vcls/pkg/zk/adapter_impl.go:38.16,40.3 1 1
github.com/turtacn/hci-vcls/pkg/zk/adapter_impl.go:41.2,41.52 1 0
github.com/turtacn/hci-vcls/pkg/zk/adapter_impl.go:44.37,45.19 1 1
github.com/turtacn/hci-vcls/pkg/zk/adapter_impl.go:45.19,47.3 1 1
github.com/turtacn/hci-vcls/pkg/zk/adapter_impl.go:48.2,48.12 1 1
github.com/turtacn/hci-vcls/pkg/zk/client.go:17.38,23.2 1 1
github.com/turtacn/hci-vcls/pkg/zk/client.go:25.59,30.2 4 1
github.com/turtacn/hci-vcls/pkg/zk/client.go:32.38,36.33 4 1
github.com/turtacn/hci-vcls/pkg/zk/client.go:36.33,37.26 1 0
github.com/turtacn/hci-vcls/pkg/zk/client.go:37.26,39.4 1 0
github.com/turtacn/hci-vcls/pkg/zk/client.go:41.2,42.12 2 1
github.com/turtacn/hci-vcls/pkg/zk/client.go:45.59,46.37 1 1
github.com/turtacn/hci-vcls/pkg/zk/client.go:46.37,47.26 1 1
github.com/turtacn/hci-vcls/pkg/zk/client.go:47.26,48.11 1 1
github.com/turtacn/hci-vcls/pkg/zk/client.go:49.49,49.49 0 1
github.com/turtacn/hci-vcls/pkg/zk/client.go:50.12,50.12 0 0
github.com/turtacn/hci-vcls/pkg/zk/client.go:56.72,60.26 3 1
github.com/turtacn/hci-vcls/pkg/zk/client.go:60.26,62.3 1 1
github.com/turtacn/hci-vcls/pkg/zk/client.go:64.2,64.40 1 1
github.com/turtacn/hci-vcls/pkg/zk/client.go:64.40,66.3 1 1
github.com/turtacn/hci-vcls/pkg/zk/client.go:68.2,75.12 3 1
github.com/turtacn/hci-vcls/pkg/zk/client.go:78.57,82.26 3 1
github.com/turtacn/hci-vcls/pkg/zk/client.go:82.26,84.3 1 1
github.com/turtacn/hci-vcls/pkg/zk/client.go:86.2,87.13 2 1
github.com/turtacn/hci-vcls/pkg/zk/client.go:87.13,89.3 1 0
github.com/turtacn/hci-vcls/pkg/zk/client.go:90.2,90.23 1 1
github.com/turtacn/hci-vcls/pkg/zk/client.go:93.68,97.26 3 1
github.com/turtacn/hci-vcls/pkg/zk/client.go:97.26,99.3 1 0
github.com/turtacn/hci-vcls/pkg/zk/client.go:101.2,102.13 2 1
github.com/turtacn/hci-vcls/pkg/zk/client.go:102.13,104.3 1 0
github.com/turtacn/hci-vcls/pkg/zk/client.go:106.2,106.29 1 1
github.com/turtacn/hci-vcls/pkg/zk/client.go:106.29,108.3 1 0
github.com/turtacn/hci-vcls/pkg/zk/client.go:110.2,113.12 4 1
github.com/turtacn/hci-vcls/pkg/zk/client.go:116.65,120.26 3 1
github.com/turtacn/hci-vcls/pkg/zk/client.go:120.26,122.3 1 0
github.com/turtacn/hci-vcls/pkg/zk/client.go:124.2,125.13 2 1
github.com/turtacn/hci-vcls/pkg/zk/client.go:125.13,127.3 1 0
github.com/turtacn/hci-vcls/pkg/zk/client.go:129.2,129.29 1 1
github.com/turtacn/hci-vcls/pkg/zk/client.go:129.29,131.3 1 0
github.com/turtacn/hci-vcls/pkg/zk/client.go:133.2,135.12 3 1
github.com/turtacn/hci-vcls/pkg/zk/client.go:138.58,142.26 3 1
github.com/turtacn/hci-vcls/pkg/zk/client.go:142.26,144.3 1 0
github.com/turtacn/hci-vcls/pkg/zk/client.go:146.2,147.20 2 1
github.com/turtacn/hci-vcls/pkg/zk/client.go:150.70,154.26 3 1
github.com/turtacn/hci-vcls/pkg/zk/client.go:154.26,156.3 1 0
github.com/turtacn/hci-vcls/pkg/zk/client.go:158.2,160.16 3 1
github.com/turtacn/hci-vcls/pkg/zk/client.go:163.52,167.2 3 1
github.com/turtacn/hci-vcls/pkg/zk/types.go:11.38,12.11 1 1
github.com/turtacn/hci-vcls/pkg/zk/types.go:13.22,14.19 1 1
github.com/turtacn/hci-vcls/pkg/zk/types.go:15.23,16.20 1 1
github.com/turtacn/hci-vcls/pkg/zk/types.go:17.26,18.23 1 1
github.com/turtacn/hci-vcls/pkg/zk/types.go:19.10,20.19 1 1
